SentNo=0
EMPTY	=	, // запятая в конце 2 , 3 и 4 20 тысяч И все-таки // Тест на обороты Павла I-го // постморфология ФАM1-ФАМ2 все лишнее денег мало 
EMPTY	=	// подлежащее , которое строится для императивного сказуемого 
EMPTY	=	? // конфликт оборота с редупликацией 
ГЕНИТ_ИГ	=	конфликт оборота 
ГЕНИТ_ИГ	=	обороты Павла I-го 
ГЛ_ЛИЧН	=	( типа пошел ты ) П-п-правда 
ГЛ_ЛИЧН	=	, которое строится для императивного сказуемого 
ГЛ_ЛИЧН	=	, не имеет веса 
ГЛ_ЛИЧН	=	был 
ГЛ_ЛИЧН	=	и с дефисной парой на графематике Куплю масла . 
КОЛИЧ	=	2 , 3 2 3 4 2 , 3 4 
КОЛИЧ	=	20 тыс . 
КОЛИЧ	=	4 20 тысяч 
КР_ПРИЛ	=	// здесь не нужно строить тире Боже ты мой 
ОБОРОТ	=	И все-таки 
ОБОРОТ	=	в конце 
ОДНОР_НАР	=	МНОГО или МАЛО 
ОДНОР_ЧИСЛ	=	2 , 3 
ОДНОР_ЧИСЛ	=	МНОГО или МАЛО 
ОТР_ФОРМА	=	не имеет 
ПГ	=	в конце 
ПГ	=	для императивного сказуемого 
ПГ	=	на графематике 
ПГ	=	на обороты Павла I-го 
ПГ	=	с дефисной парой 
ПГ	=	с редупликацией 
ПГ	=	с числительными 
ПЕР_ГЛАГ_ИНФ	=	должно удаляться 
ПЕР_ГЛАГ_ИНФ	=	надо образовывать АППРОКС_ИГ 
ПЕР_ГЛАГ_ИНФ	=	нужно строить 
ПЕР_ГЛАГ_ИНФ	=	нужно строить тире 
ПРЕДК	=	, // запятая в конце 2 , 3 и 4 20 тысяч И все-таки // Тест на обороты Павла I-го // постморфология ФАM1-ФАМ2 все лишнее денег мало 
ПРЕДК	=	// здесь не нужно строить тире Боже ты мой 
ПРЕДК	=	// с числительными МНОГО или МАЛО не надо образовывать АППРОКС_ИГ это облако 
ПРЕДК	=	2 , 3 2 3 4 2 , 3 4 Ах ты // ах не должно удаляться 20 тыс . не 
ПРИДАТ_ОПР	=	подлежащее , которое строится для императивного сказуемого 
ПРИЛ_СУЩ	=	дефисной парой 
ПРИЛ_СУЩ	=	императивного сказуемого 
ПРИЛ_СУЩ	=	это облако 
ПРЯМ_ДОП	=	Куплю масла 
ПРЯМ_ДОП	=	не имеет веса 
ПРЯМ_ДОП	=	образовывать АППРОКС_ИГ 
ПРЯМ_ДОП	=	строить тире 
СЛОЖ_ЧИСЛ	=	2 , 3 
ФИО	=	Павла I-го 
SentNo=1
EMPTY	=	// ней род . падеж на сорок два 
ГЕНИТ_ИГ	=	числительными тысячи 
ГЛ_ЛИЧН	=	// ПГ могут собираться с числительными тысячи миль . двадцать пять 2-2 , 3 или три Ветер - с юга . 
КОЛИЧ	=	двадцать пять 
КОЛИЧ	=	сорок два 
ОДНОР_ЧИСЛ	=	2-2 , 3 или три 
ПГ	=	на сорок два 
ПГ	=	с числительными тысячи 
ПГ	=	с юга 
ПГ	=	у ней 
ПЕР_ГЛАГ_ИНФ	=	могут собираться 
ТИРЕ	=	Павел Первый // постморфология - ФАM1-ФАМ2 мозоли у ней 
ФИО	=	Павел Первый 
SentNo=2
ГЕНИТ_ИГ	=	варинат МС 
ГЛ_ЛИЧН	=	// частицы в НАР_ЧИСЛ там его крали 
ГЛ_ЛИЧН	=	Папа ел арбуз . очень уж много 
ГЛ_ЛИЧН	=	мыла раму . 
КОЛИЧ	=	20 тыс . 
КР_ПРИЛ	=	// ПРИЛ_CУЩ из двух слов с его , их или ее не должен иметь вес это твое право 
НАР_НАР_ЧИСЛ	=	очень уж много 
НАР_ПРЕДИК	=	здесь нужно 
ОДНОР_ПРИЛ	=	его , их или ее 
ПГ	=	В 1960-х годах 
ПГ	=	в НАР_ЧИСЛ 
ПГ	=	из двух слов 
ПЕР_ГЛАГ_ИНФ	=	здесь нужно оставить 
ПРЕДК	=	// здесь нужно оставить варинат МС для это 20 тыс . человек В 1960-х годах Мама 
ПРИЛ_СУЩ	=	1960-х годах 
ПРИЛ_СУЩ	=	твое право 
ПРЯМ_ДОП	=	ел арбуз 
ПРЯМ_ДОП	=	иметь вес 
ПРЯМ_ДОП	=	мыла раму 
ПРЯМ_ДОП_РЕВ	=	его крали 
ЧИСЛ_СУЩ	=	20 тыс . человек 
ЧИСЛ_СУЩ	=	двух слов 
SentNo=3
EMPTY	=	, а не ФИО уж очень хорошо 
EMPTY	=	// вес подлежащего 
EMPTY	=	// сокращение числ . без точки слишком же широко 
EMPTY	=	// частицы в НАР_НАР мой , хороший дом 
EMPTY	=	// частицы в НАР_НАР слишком уж широко 
EMPTY	=	// частицы в НАР_ПРИЛ 400 млрд долларов 
EMPTY	=	// частицы в НАР_ПРИЛ ста пяти человек уж очень хороший 
EMPTY	=	Т . Е . ОТКАЗАТЬСЯ // здесь оборот 
EMPTY	=	и группа ПРИЛ_CУЩ с его , ее или их тайны обновления уж очень же много 
ГЕНИТ_ИГ	=	НАР_ПРИЛ 400 млрд долларов 
ГЕНИТ_ИГ	=	НАР_ПРИЛ ста пяти человек 
ГЕНИТ_ИГ	=	группу НАР_НАР 
ГЕНИТ_ИГ	=	его , ее или их тайны обновления 
ГЕНИТ_ИГ	=	конфликт оборота 
ГЕНИТ_ИГ	=	сокращение числ 
ГЛ_ЛИЧН	=	// не надо строить группу НАР_НАР c наречием уж Пойдем-ка домой . его стрелы 
ГЛ_ЛИЧН	=	улетят 
КОЛИЧ	=	400 млрд 
КОЛИЧ	=	ста пяти 
КР_ПРИЛ	=	, а не ФИО уж очень хорошо 
КР_ПРИЛ	=	// сокращение числ . без точки слишком же широко 
КР_ПРИЛ	=	// частицы в НАР_НАР слишком уж широко 
НАР_НАР	=	слишком же широко 
НАР_НАР	=	слишком уж широко 
НАР_НАР	=	уж очень хорошо 
НАР_НАР_ЧИСЛ	=	очень же много 
НАР_НАР_ЧИСЛ	=	уж очень же много 
НАР_ПРЕДИК	=	здесь нельзя 
НАР_ПРЕДИК	=	уж очень же много 
НАР_ПРЕДИК	=	уж очень хорошо 
НАР_ПРИЛ	=	очень уж хороший 
НАР_ПРИЛ	=	очень хороший 
НАР_ПРИЛ	=	слишком же широко 
НАР_ПРИЛ	=	слишком уж широко 
НАР_ПРИЛ	=	уж очень хороший 
НАР_ПРИЛ	=	уж очень хорошо 
НАРЕЧ_ГЛАГОЛ	=	уж Пойдем-ка 
ОБОРОТ	=	Т . Е . 
ОДНОР_ПРИЛ	=	его , ее или их 
ПГ	=	без точки 
ПГ	=	в НАР_НАР 
ПГ	=	в НАР_ПРИЛ 400 млрд долларов 
ПГ	=	в НАР_ПРИЛ ста пяти человек 
ПГ	=	в НАР_ЧИСЛ 
ПГ	=	с его , ее или их тайны обновления 
ПГ	=	с редупликацией 
ПЕР_ГЛАГ_ИНФ	=	здесь нельзя строить ОДНОР_ПРИЛ очень уж хороший 
ПРЕДК	=	, а не ФИО уж очень хорошо 
ПРЕДК	=	// здесь нельзя строить ОДНОР_ПРИЛ очень уж хороший 
ПРЕДК	=	Т . Е . ОТКАЗАТЬСЯ // здесь оборот 
ПРЕДК	=	и группа ПРИЛ_CУЩ с его , ее или их тайны обновления уж очень же много 
ПРИЛ_ПОСТПОС	=	ОДНОР_ПРИЛ очень уж хороший 
ПРИЛ_ПОСТПОС	=	уж очень хороший 
ПРИЛ_СУЩ	=	Мой дом 
ПРИЛ_СУЩ	=	его , ее или их тайны 
ПРИЛ_СУЩ	=	его стрелы 
ПРИЛ_СУЩ	=	хороший дом 
ПРЧ	=	// вес подлежащего 
ПРЯМ_ДОП	=	строить ОДНОР_ПРИЛ очень уж хороший 
ПРЯМ_ДОП	=	строить группу НАР_НАР 
ТИРЕ	=	// частицы в НАР_ЧИСЛ - Правда-правда 
ТИРЕ	=	? .. // конфликт оборота с редупликацией Мой дом - большой . 
ЧИСЛ_СУЩ	=	400 млрд долларов 
ЧИСЛ_СУЩ	=	ста пяти человек 
SentNo=4
AnalytForm	=	было удобно
EMPTY	=	( деление на клаузы ) 
EMPTY	=	// Тест на обороты в его сердце больном 
EMPTY	=	// аналитические формы не для того , чтобы 
EMPTY	=	// оборот в конце предложения 
ГЕНИТ_ИГ	=	конце предложения 
ГЛ_ЛИЧН	=	// ПРИЛ_ПОСТПОС может связывать сложные группы 
ГЛ_ЛИЧН	=	Так что ты сказал 
ИНФ	=	// не строить здесь анал . форму У меня срочные дела . бригад- тем не менее 
КОЛИЧ	=	20 тыс . 
КР_ПРИЛ	=	// должен оставаться варианта для ее было удобно думать 
КР_ПРИЛ	=	20 тыс . половниками они должны уже быть 
НАРЕЧ_ГЛАГОЛ	=	уже быть 
ОБОРОТ	=	для того , чтобы 
ОБОРОТ	=	тем не менее 
ОТР_ФОРМА	=	не строить 
ПГ	=	У меня 
ПГ	=	в его сердце больном 
ПГ	=	в конце предложения 
ПГ	=	на клаузы 
ПГ	=	на обороты 
ПЕР_ГЛАГ_ИНФ	=	может связывать сложные группы 
ПЕР_ГЛАГ_ИНФ	=	надо строить оборот 
ПЕР_ГЛАГ_ИНФ	=	удобно думать 
ПРЕДК	=	// не строить здесь анал . форму У меня срочные дела . бригад- тем не менее 
ПРЕДК	=	? // здесь не надо строить оборот Я считал ее кралей 
ПРИЛ_ПОСТПОС	=	его сердце больном 
ПРИЛ_СУЩ	=	аналитические формы 
ПРИЛ_СУЩ	=	его сердце 
ПРИЛ_СУЩ	=	ее кралей 
ПРИЛ_СУЩ	=	сложные группы 
ПРИЛ_СУЩ	=	срочные дела 
ПРЯМ_ДОП	=	связывать сложные группы 
ПРЯМ_ДОП	=	строить оборот 
ПРЯМ_ДОП	=	считал ее 
ЧИСЛ_СУЩ	=	20 тыс . половниками 
SentNo=5
EMPTY	=	т . е . Острова Крыма . 
ГЕНИТ_ИГ	=	Острова Крыма 
ОБОРОТ	=	т . е . 
SentNo=6
ВВОД	=	, наверно 
ОДНОР_ИГ	=	обороты и аббревиатуры 
ПГ	=	на обороты и аббревиатуры 
ТИРЕ	=	// Тест на обороты и аббревиатуры - Вы , наверно , сыщик ? 
SentNo=7
EMPTY	=	Иван , который - умник ЛАЗАРЕВ В . П . 
ГЕНИТ_ИГ	=	умник ЛАЗАРЕВ В . П . 
ПРИДАТ_ОПР	=	Иван , который - умник ЛАЗАРЕВ В . П . 
ТИРЕ	=	, который - умник ЛАЗАРЕВ В . П . 
ФИО	=	ЛАЗАРЕВ В . П . 
SentNo=8
EMPTY	=	, - большой . 
ВВОД	=	, видимо 
ВВОД	=	, наверно 
ГЛ_ЛИЧН	=	, наверно , добрая . шли почтой 
ГЛ_ЛИЧН	=	// омонимичные глаголы не могут создавать ИНСТР_ДОП Дом , видимо 
ГЛ_ЛИЧН	=	; шли полем 
ИНСТР_ДОП	=	шли полем 
ИНСТР_ДОП	=	шли почтой 
КР_ПРИЛ	=	Г . САМАРА // ФИО не должны пересекаться Она 
ОТР_ФОРМА	=	не могут 
ПЕР_ГЛАГ_ИНФ	=	не могут создавать ИНСТР_ДОП 
ПРИЛ_СУЩ	=	омонимичные глаголы 
ПРЯМ_ДОП	=	создавать ИНСТР_ДОП 
SentNo=9
ТИРЕ	=	Жить - родине служить . 
SentNo=10
ВВОД	=	, наверно 
ИНФ	=	Нам , наверно , уходить ? 
SentNo=11
EMPTY	=	Не так , конечно , но ... 
ВВОД	=	, конечно 
SentNo=12
ВВОД	=	, наверно 
КР_ПРИЛ	=	Она , наверно , красива . 
SentNo=13
EMPTY	=	Это , конечно , здорово . 
ВВОД	=	, конечно 
ПРЕДК	=	Это , конечно , здорово . 
SentNo=14
AnalytForm	=	будем дружить
ГЛ_ЛИЧН	=	Давайте будем дружить . 
SentNo=15
EMPTY	=	// ночью , днем 
ВВОД	=	, наверно 
ГЕНИТ_ИГ	=	ИНСТР_ДОП тридцать шестой человек 
ГЕНИТ_ИГ	=	столица СССР 
ГЛ_ЛИЧН	=	, не образуют ИНСТР_ДОП тридцать шестой человек Он 
ГЛ_ЛИЧН	=	Пойдем , наверно , в кино . 
ГЛ_ЛИЧН	=	шел , свистя и напевая 
ДПР	=	, свистя и напевая 
ДПР	=	и напевая 
ИНФ	=	; идти днем 
КОЛИЧ	=	тридцать шестой 
ОДНОР_ИГ	=	ночью , днем 
ОТР_ФОРМА	=	не образуют 
ПГ	=	в кино 
ПРЯМ_ДОП	=	не образуют ИНСТР_ДОП тридцать шестой человек 
ТИРЕ	=	Москва - столица СССР . бежать ночью 
ЧИСЛ_СУЩ	=	тридцать шестой человек 
SentNo=16
ВВОД	=	, наверно 
КР_ПРИЛ	=	Это , наверно , интересно . 
SentNo=17
EMPTY	=	- С которой ? с Любецкой ? // который в первой клаузе Ему хотелось пить и есть . 
ГЛ_ЛИЧН	=	? // который в первой клаузе Ему хотелось пить и есть . 
ОДНОР_ИНФ	=	пить и есть 
ПГ	=	С которой 
ПГ	=	с Любецкой ? // который в первой клаузе Ему хотелось пить и есть . 
ПРИДАТ_ОПР	=	Любецкой ? // который в первой клаузе Ему хотелось пить и есть . 
SentNo=18
ГЛ_ЛИЧН	=	На холме стоял сам князь . 
ПГ	=	На холме 
ПРИЛ_СУЩ	=	сам князь 
SentNo=19
КР_ПРИЛ	=	На этот раз она не права . 
ОБОРОТ	=	На этот раз 
ПГ	=	На этот раз 
ПРИЛ_СУЩ	=	этот раз 
SentNo=20
AnalytForm	=	было интересно
КР_ПРИЛ	=	Это было очень интересно . 
НАР_ПРИЛ	=	очень интересно 
SentNo=21
EMPTY	=	Это , наверно , Cyclopides ! 
ВВОД	=	, наверно 
SentNo=22
ГЛ_ЛИЧН	=	Я хочу и пить , и курить . 
ПЕР_ГЛАГ_ИНФ	=	хочу и пить , и курить 
РАЗРЫВ_СОЮЗ	=	и пить , и курить 
SentNo=23
АППРОКС_ПГ	=	дней в пять 
ГЛ_ЛИЧН	=	// РАЗРЫВ_СОЮЗ может входить в ПЕР_ГЛАГ_ИНФ Мы управимся дней в пять . 
ПГ	=	в ПЕР_ГЛАГ_ИНФ 
SentNo=24
ВВОД	=	, наверно 
ГЛ_ЛИЧН	=	, бежала . 
ГЛ_ЛИЧН	=	Она шла , наверно 
SentNo=25
EMPTY	=	, не плохо . 
EMPTY	=	Хорошо , наверно 
ВВОД	=	, наверно 
ПРЕДК	=	, не плохо . 
ПРЕДК	=	Хорошо , наверно 
SentNo=26
EMPTY	=	Императором Александром II . 
ДОЛЖ_ФИО	=	Императором Александром II 
ФИО	=	Александром II 
SentNo=27
EMPTY	=	М . И . Операционная система // здесь термин 
ГЕНИТ_ИГ	=	ФИО Мыла 
ГЛ_ЛИЧН	=	, а не ФИО Мыла на кухне она не нашла . 
ОТР_ФОРМА	=	не нашла 
ПГ	=	на кухне 
ПРЕДК	=	М . И . Операционная система // здесь термин 
ПРИЛ_СУЩ	=	Операционная система 
SentNo=28
ГЛ_ЛИЧН	=	Он изобрел и сад , и огород . 
ПРЯМ_ДОП	=	изобрел и сад , и огород 
РАЗРЫВ_СОЮЗ	=	и сад , и огород 
SentNo=29
ГЛ_ЛИЧН	=	Он изобрел и сад , и огород . 
ПРЯМ_ДОП	=	изобрел и сад , и огород 
РАЗРЫВ_СОЮЗ	=	и сад , и огород 
SentNo=30
ВВОД	=	, наверно 
ГЛ_ЛИЧН	=	, пошла гулять . 
ГЛ_ЛИЧН	=	// РАЗРЫВ_СОЮЗ может входить в ПРЯМ_ДОП Она , наверно 
ПГ	=	в ПРЯМ_ДОП 
ПЕР_ГЛАГ_ИНФ	=	может входить 
ПЕР_ГЛАГ_ИНФ	=	пошла гулять 
SentNo=31
AnalytForm	=	будет горько
EMPTY	=	Хорошо , конечно 
ВВОД	=	, конечно 
ГЛ_ЛИЧН	=	, а не плохо . все просится Верунчик-то наш 
ГЛ_ЛИЧН	=	, поскольку синтаксис не может хорошо решить с нми омонимию не красивую , но летнюю шапку 
НАРЕЧ_ГЛАГОЛ	=	все просится 
НАРЕЧ_ГЛАГОЛ	=	хорошо решить 
ОТР_ФОРМА	=	не может 
ПГ	=	на РАЗРЫВ_СОЮЗ 
ПГ	=	с нми 
ПЕР_ГЛАГ_ИНФ	=	горько плакать 
ПЕР_ГЛАГ_ИНФ	=	не может хорошо решить 
ПРЕДК	=	// Тест на РАЗРЫВ_СОЮЗ Мальчик будет горько плакать . 
ПРЕДК	=	Хорошо , конечно 
ПРИЛ_СУЩ	=	не красивую , но летнюю шапку 
ПРИЛ_СУЩ	=	плохое подлежащее 
РАЗРЫВ_СОЮЗ	=	не красивую , но летнюю 
ТИРЕ	=	// все - плохое подлежащее , поскольку синтаксис не может хорошо решить с нми омонимию не красивую , но летнюю шапку 
SentNo=32
EMPTY	=	Перехватившего пас соперника . 
НСО	=	Перехватившего пас 
ПРЯМ_ДОП	=	Перехватившего пас 
ПРЯМ_ДОП	=	Перехватившего пас соперника 
SentNo=33
ПРИЛ_СУЩ	=	Твои речи 
ПРИЛ_СУЩ	=	острый нож 
ТИРЕ	=	Твои речи - будто острый нож . 
SentNo=34
ГЛ_ЛИЧН	=	Я видел дом , ушедший под лед . 
ПГ	=	под лед 
ПРИЧ_СУЩ	=	дом , ушедший под лед . 
ПРЧ	=	, ушедший под лед . 
ПРЯМ_ДОП	=	видел дом 
ПРЯМ_ДОП	=	видел дом , ушедший под лед . 
SentNo=35
EMPTY	=	// тест на постморфологию И красивая , и желтая страница . 
ГЛ_ЛИЧН	=	Я знаю , почему Петя - двоечник . полуиспанский-полуитальянский 
ПГ	=	на постморфологию 
ПРИЛ_СУЩ	=	И красивая , и желтая страница 
РАЗРЫВ_СОЮЗ	=	И красивая , и желтая 
ТИРЕ	=	, почему Петя - двоечник . полуиспанский-полуитальянский 
SentNo=36
ГЛ_ЛИЧН	=	// РАЗРЫВ_СОЮЗ может повторяться Я 
ГЛ_ЛИЧН	=	считал его великим учителем . 
ПЕР_ГЛАГ_ИНФ	=	может повторяться 
ПРИЛ_СУЩ	=	великим учителем 
ПРИЛ_СУЩ	=	его великим учителем 
ПРЯМ_ДОП	=	считал его 
SentNo=37
AnalytForm	=	будет удален
АНАТ_СРАВН	=	менее привлекателен 
ВВОД	=	, конечно 
ГЕНИТ_ИГ	=	группа ПРЯМ_ДОП_РЕВ 
ГЛ_ЛИЧН	=	, конечно , ужасные . ему уж тем более было не доехать 
ГЛ_ЛИЧН	=	зазывал в свою компанию . 
КР_ПРИЛ	=	, иначе здесь будет удален верный омоним Стихи Вогенов 
КР_ПРИЛ	=	// группа ПРЯМ_ДОП_РЕВ должна иметь вес 
КР_ПРИЛ	=	// существительное уж должно вести себя скромно А он гораздо менее привлекателен . 
КР_ПРИЛ	=	А он гораздо менее привлекателен . 
КР_ПРЧ	=	, иначе здесь будет удален верный омоним Стихи Вогенов 
НАР_ПРИЛ	=	гораздо менее привлекателен 
НАРЕЧ_ГЛАГОЛ	=	здесь будет 
ОБОРОТ	=	тем более 
ОТР_ФОРМА	=	не доехать 
ПГ	=	в свою компанию 
ПЕР_ГЛАГ_ИНФ	=	должно остаться 
ПРЕДК	=	// Здесь его должно остаться омонимичным всех 
ПРИЛ_СУЩ	=	верный омоним 
ПРИЛ_СУЩ	=	свою компанию 
ПРЯМ_ДОП	=	вести себя 
ПРЯМ_ДОП	=	иметь вес 
SentNo=38
ВВОД	=	, наверно 
ПРЧ	=	Дом , наверно , строящийся рабочими . 
SentNo=39
ТИРЕ	=	, а Петя - мальчик . 
ТИРЕ	=	Маша - девочка 
SentNo=40
AnalytForm	=	будет интересно
AnalytForm	=	были выявлены
EMPTY	=	; над им 
EMPTY	=	; над ним 
EMPTY	=	; около его 
ГЕНИТ_ИГ	=	всеми типами предикативов 
ГЕНИТ_ИГ	=	процессе изучения 
ГЛ_ЛИЧН	=	// анал . формы строятся не со всеми типами предикативов В процессе изучения 
ГЛ_ЛИЧН	=	; мне будет бах 
ГЛ_ЛИЧН	=	Мне достался очень красивый зонт . в него 
ГЛ_ЛИЧН	=	вышел подышать свежим воздухом . 
КР_ПРИЛ	=	// format_for_oborots должен быть запускаться всегда Он 
КР_ПРИЛ	=	// личн . мест . в ПГ должны начинаться с согласной мне 
КР_ПРИЛ	=	будет интересно 
КР_ПРЧ	=	были выявлены 
НАР_ПРИЛ	=	очень красивый 
ОБОРОТ	=	В процессе 
ПГ	=	В процессе изучения 
ПГ	=	в ПГ 
ПГ	=	в него 
ПГ	=	над ним 
ПГ	=	с согласной 
ПГ	=	со всеми типами предикативов 
ПЕР_ГЛАГ_ИНФ	=	вышел подышать 
ПРЕДК	=	будет интересно 
ПРИЛ_СУЩ	=	всеми типами 
ПРИЛ_СУЩ	=	очень красивый зонт 
ПРИЛ_СУЩ	=	свежим воздухом 
SentNo=41
ПГ	=	на свете 
ПЕР_ГЛАГ_ИНФ	=	Трудно жить 
ПРЕДК	=	Трудно жить на свете пионеру Пете . 
SentNo=42
AnalytForm	=	было трудно
EMPTY	=	// крутой пример на ИНСТР_ДОП Да нет , конечно 
ВВОД	=	, конечно 
ВВОД	=	, наверно 
ГЛ_ЛИЧН	=	, -- вздохнул Зафод . 
ИНСТР_ДОП	=	не назвать её Симочкой 
НАР_ПРИЛ	=	очень важное 
ОТР_ФОРМА	=	не назвать 
ПГ	=	на ИНСТР_ДОП 
ПРЕДК	=	// крутой пример на ИНСТР_ДОП Да нет , конечно 
ПРЕДК	=	Это , наверно , что-то очень важное . трудно было не назвать её Симочкой 
ПРИЛ_СУЩ	=	её Симочкой 
ПРИЛ_СУЩ	=	крутой пример 
ПРЯМ_ДОП	=	не назвать её 
SentNo=43
ГЛ_ЛИЧН	=	, когда нас не замечают . 
ГЛ_ЛИЧН	=	Мы не любим , когда нас не замечают . 
ОТР_ФОРМА	=	не замечают 
ОТР_ФОРМА	=	не любим 
ПРЯМ_ДОП_РЕВ	=	нас не замечают 
SentNo=44
AnalytForm	=	был больше
EMPTY	=	, новый // Прич-сущ , которая управляет однор-прил Это 
ВВОД	=	, наверно 
ГЕНИТ_ИГ	=	первоначальное деление клауз 
ГЛ_ЛИЧН	=	, которая управляет однор-прил Это 
ГЛ_ЛИЧН	=	, чем шофером . столовая , открытая вчера , закрылась 
ГЛ_ЛИЧН	=	была , наверно 
ИНФ	=	// не собирать НАР_НАР с как Он был больше учителем 
КОПУЛ	=	, только приписка . как все железнодорожные подрядчики 
КР_ПРИЛ	=	Так ли уж незыблем этот фундамент 
НАР_ПРЕДИК	=	уж должно 
ОТР_ФОРМА	=	не собирать 
ПГ	=	на первоначальное деление клауз 
ПГ	=	на холме 
ПЕР_ГЛАГ_ИНФ	=	уж должно вести себя 
ПРЕДК	=	? // существительное уж должно вести себя скромно Человек , разгадавший загадки 
ПРИДАТ_ОПР	=	Прич-сущ , которая управляет однор-прил Это 
ПРИЛ_СУЩ	=	все железнодорожные подрядчики 
ПРИЛ_СУЩ	=	первоначальное деление 
ПРИЛ_СУЩ	=	этот фундамент 
ПРИЧ_СУЩ	=	Дом , построенный на холме 
ПРИЧ_СУЩ	=	Человек , разгадавший загадки 
ПРИЧ_СУЩ	=	столовая , открытая вчера 
ПРЧ	=	, открытая вчера 
ПРЧ	=	, построенный на холме 
ПРЧ	=	, разгадавший загадки 
ПРЯМ_ДОП	=	вести себя 
ПРЯМ_ДОП	=	не собирать НАР_НАР 
ПРЯМ_ДОП	=	разгадавший загадки 
ТИРЕ	=	// тест на первоначальное деление клауз Дом , построенный на холме , - большой . 
SentNo=45
ГЛ_ЛИЧН	=	Никогда не видел таких красивых яблок . 
МОДИФ_ПРИЛ	=	таких красивых 
ОТР_ФОРМА	=	не видел 
ПРИЛ_СУЩ	=	таких красивых яблок 
SentNo=46
AnalytForm	=	были должны
AnalytForm	=	быть потрачены
КР_ПРИЛ	=	Они должны были быть быстро потрачены . 
НАРЕЧ_ГЛАГОЛ	=	быстро потрачены 
SentNo=47
ГЛ_ЛИЧН	=	Они осуществили захват быстро и четко . 
ОДНОР_НАР	=	быстро и четко 
ПРЯМ_ДОП	=	осуществили захват 
SentNo=48
AnalytForm	=	был хорош
КР_ПРИЛ	=	Особенно хорош в тот вечер был десерт . 
НАР_ПРИЛ	=	Особенно хорош 
ПГ	=	в тот вечер 
ПРИЛ_СУЩ	=	тот вечер 
SentNo=49
ГЛ_ЛИЧН	=	Я о нем плохо подумал 
НАРЕЧ_ГЛАГОЛ	=	плохо подумал 
ПГ	=	о нем 
ТИРЕ	=	, а Вася - хорошо . 
SentNo=50
ГЛ_ЛИЧН	=	Глебов Иван не мог прийти на заседание . 
ОТР_ФОРМА	=	не мог 
ПГ	=	на заседание 
ПЕР_ГЛАГ_ИНФ	=	не мог прийти 
ФИО	=	Глебов Иван 
SentNo=51
ГЛ_ЛИЧН	=	, но она отказалась . 
ГЛ_ЛИЧН	=	Машу позвали гулять , но она отказалась . 
ПЕР_ГЛАГ_ИНФ	=	позвали гулять 
SentNo=52
ГЛ_ЛИЧН	=	Сейчас в салоне остаются 11 пассажиров . 
ПГ	=	в салоне 
ЧИСЛ_СУЩ	=	11 пассажиров 
SentNo=53
ГЛ_ЛИЧН	=	Права он получил только с пятой попытки . 
ПГ	=	с пятой попытки 
ПРИЛ_СУЩ	=	пятой попытки 
SentNo=54
EMPTY	=	У меня три карандаша 
ПГ	=	У меня 
ПГ	=	у Васи 
ТИРЕ	=	, а у Васи - четыре . 
ЧИСЛ_СУЩ	=	три карандаша 
SentNo=55
AnalytForm	=	было важно
ГЛ_ЛИЧН	=	Что-то , что было им важно , они не знали . 
КР_ПРИЛ	=	, что было им важно 
ОТР_ФОРМА	=	не знали 
ПРЕДК	=	, что было им важно 
SentNo=56
EMPTY	=	, - большой . 
ГЕНИТ_ИГ	=	c омонимич 
ГЕНИТ_ИГ	=	группа ОТСРАВН 
ГЕНИТ_ИГ	=	двойной вызов RuleForUnitingClausesBySubject 
ГЕНИТ_ИГ	=	омонима пыли 
ГЛ_ЛИЧН	=	, почему сюда приехал 
ГЛ_ЛИЧН	=	// двойной вызов RuleForUnitingClausesBySubject из-за омонима пыли Как он раньше жил , почему сюда приехал 
ГЛ_ЛИЧН	=	? // группа ОТСРАВН не имеет веса то у этого начальства душа 
ГЛ_ЛИЧН	=	Я , чихая от газов и пыли , взял бумагу 
ГЛ_ЛИЧН	=	уходит в пятки 
ДПР	=	, чихая от газов и пыли 
КР_ПРИЛ	=	// c омонимич . существительными не должна собираться ГЕНИТ_ИГ Дом , который построен на холме 
КР_ПРЧ	=	, который построен на холме 
НАРЕЧ_ГЛАГОЛ	=	сюда приехал 
ОДНОР_ИГ	=	газов и пыли 
ОТР_ФОРМА	=	не имеет 
ПГ	=	в пятки 
ПГ	=	из-за омонима пыли 
ПГ	=	на холме 
ПГ	=	от газов и пыли 
ПГ	=	у этого начальства 
ПРИДАТ_ОПР	=	Дом , который построен на холме 
ПРИЛ_СУЩ	=	двойной вызов 
ПРИЛ_СУЩ	=	этого начальства 
ПРЯМ_ДОП	=	взял бумагу 
ПРЯМ_ДОП	=	не имеет веса 
SentNo=57
ГЛ_ЛИЧН	=	Как берег его Гаркунов , стирая его в бане . 
ДПР	=	, стирая его в бане . 
ПГ	=	в бане 
ПРИЛ_СУЩ	=	его Гаркунов 
ПРЯМ_ДОП	=	берег его 
ПРЯМ_ДОП	=	стирая его 
SentNo=58
EMPTY	=	; черные шкаф и стул 
ГЕНИТ_ИГ	=	Длина удава 
ГЕНИТ_ИГ	=	постановкой вопросов 
ГЕНИТ_ИГ	=	устав нашего общества 
ГЛ_ЛИЧН	=	, - абсолютная правда . не решением , а только постановкой вопросов // РАЗРЫВ_СОЮЗ может включать частицу Длина удава составила сорок восемь попугаев . 
ГЛ_ЛИЧН	=	// format_for_plural_noun_adj Я знаю 
ГЛ_ЛИЧН	=	Он злостно нарушал устав нашего общества . черная и белая ракетки 
КОЛИЧ	=	сорок восемь 
НАРЕЧ_ГЛАГОЛ	=	злостно нарушал 
ОДНОР_ИГ	=	шкаф и стул 
ОДНОР_ПРИЛ	=	черная и белая 
ПРИЛ_СУЩ	=	абсолютная правда 
ПРИЛ_СУЩ	=	нашего общества 
ПРИЛ_СУЩ	=	черная и белая ракетки 
ПРИЛ_СУЩ	=	черные шкаф и стул 
ПРИЧ_СУЩ	=	Иван , строящий мост 
ПРЧ	=	, сказанное юношей 
ПРЧ	=	, строящий мост 
ПРЯМ_ДОП	=	включать частицу 
ПРЯМ_ДОП	=	злостно нарушал устав нашего общества 
ПРЯМ_ДОП	=	составила сорок восемь попугаев 
ПРЯМ_ДОП	=	строящий мост 
РАЗРЫВ_СОЮЗ	=	не решением , а только постановкой вопросов 
ТИРЕ	=	, что Иван , строящий мост , - негодяй . все , сказанное юношей 
ЧИСЛ_СУЩ	=	сорок восемь попугаев 
SentNo=59
ГЛ_ЛИЧН	=	Я знаю Петю , Васю и их очаровательную сестру . 
ОДНОР_ИГ	=	Петю , Васю и их очаровательную сестру 
ПРИЛ_СУЩ	=	их очаровательную сестру 
ПРЯМ_ДОП	=	знаю Петю , Васю и их очаровательную сестру 
SentNo=60
ГЕНИТ_ИГ	=	Дело художника 
ПРИЛ_СУЩ	=	это новое качество 
ПРЯМ_ДОП	=	показать это новое качество 
ТИРЕ	=	Дело художника - показать это новое качество . 
SentNo=61
AnalytForm	=	были заполнены
ГЕНИТ_ИГ	=	площади Москвы 
ИНСТР_ДОП	=	заполнены людьми 
КР_ПРЧ	=	Улицы и площади Москвы были заполнены людьми . 
ОДНОР_ИГ	=	Улицы и площади Москвы 
SentNo=62
EMPTY	=	Ludwig A . Rigveda , sokirko@yandex.ru , ctrl - z , Красивые , ровные зубы что крупные перлы у ней . 
КЛВ	=	ctrl - z 
КОПУЛ	=	, Красивые , ровные зубы что крупные перлы у ней . 
ОДНОР_ПРИЛ	=	Красивые , ровные 
ПГ	=	у ней 
ПРИЛ_СУЩ	=	Красивые , ровные зубы 
ПРИЛ_СУЩ	=	крупные перлы 
ФИО	=	Ludwig A . Rigveda 
SentNo=63
АНАТ_СРАВН	=	Более сильный 
АНАТ_СРАВН	=	менее подвижным 
ГЛ_ЛИЧН	=	Более сильный воин оказывается менее подвижным . 
ПРИЛ_СУЩ	=	Более сильный воин 
SentNo=64
ГЛ_ЛИЧН	=	Не бывает 
ГЛ_ЛИЧН	=	так , чтобы было мало красивых женщин . 
НАР_ЧИСЛ_СУЩ	=	мало красивых женщин 
ОБОРОТ	=	так , чтобы 
ОТР_ФОРМА	=	Не бывает 
ПРИЛ_СУЩ	=	красивых женщин 
SentNo=65
ГЛ_ЛИЧН	=	Он мог быть попеременно хорошим , плохим и злым . 
ОДНОР_ПРИЛ	=	хорошим , плохим и злым 
ПЕР_ГЛАГ_ИНФ	=	мог быть 
SentNo=66
ВВОД	=	, наверно 
ГЛ_ЛИЧН	=	, который всегда уходил 
ГЛ_ЛИЧН	=	, который построил Джек 
ГЛ_ЛИЧН	=	, развалился . 
ГЛ_ЛИЧН	=	, съел Южную Америку Дом , наверно 
НАРЕЧ_ГЛАГОЛ	=	всегда уходил 
ОБОРОТ	=	так и 
ПГ	=	У соседей 
ПРИЛ_СУЩ	=	Южную Америку 
ПРЯМ_ДОП	=	съел Южную Америку 
РАЗРЫВ_СОЮЗ	=	как вчера , так и сегодня 
ТИРЕ	=	У соседей как вчера , так и сегодня снова ссора - . тот , который всегда уходил 
SentNo=67
ВВОД	=	, наверно 
ГЛ_ЛИЧН	=	Ему , наверно , было немногим больше двадцати лет . 
НАР_ЧИСЛ_СУЩ	=	больше двадцати лет 
ЧИСЛ_СУЩ	=	двадцати лет 
SentNo=68
ВВОД	=	, наверно 
ГЛ_ЛИЧН	=	Какую , наверно , она возбуждает зависть у других . 
ПГ	=	у других 
ПРЯМ_ДОП	=	возбуждает зависть 
SentNo=69
ГЕНИТ_ИГ	=	следы крови 
ГЛ_ЛИЧН	=	На лежащем под ним ковре оставались следы крови . 
НСО	=	лежащем под ним 
ПГ	=	На лежащем под ним ковре 
ПГ	=	под ним 
ПРИЛ_СУЩ	=	лежащем под ним ковре 
SentNo=70
ГЛ_ЛИЧН	=	Не красивая , а желтая страница выпала из книги . 
ПГ	=	из книги 
ПРИЛ_СУЩ	=	Не красивая , а желтая страница 
РАЗРЫВ_СОЮЗ	=	Не красивая , а желтая 
SentNo=71
EMPTY	=	( деление на клаузы ) с пятью пальто 
EMPTY	=	// дефисный оборот с пробелами 
ГЕНИТ_ИГ	=	Реку из- 
ГЕНИТ_ИГ	=	ледника Пальгова 
ГЛ_ЛИЧН	=	, я вижу 2 пальто А усталым папе и маме досталось убирать квартиру . 
ГЛ_ЛИЧН	=	, я вижу 5 пальто 
ГЛ_ЛИЧН	=	А усталым папе и маме досталось убирать квартиру . 
ГЛ_ЛИЧН	=	Реку из- под ледника Пальгова переходим сразу же 
КР_ПРЧ	=	Реку из- под ледника Пальгова переходим сразу же 
ОДНОР_ИГ	=	папе и маме 
ПГ	=	на клаузы 
ПГ	=	с пробелами 
ПГ	=	с пятью пальто 
ПЕР_ГЛАГ_ИНФ	=	досталось убирать квартиру 
ПРИЛ_СУЩ	=	дефисный оборот 
ПРИЛ_СУЩ	=	усталым папе и маме 
ПРЯМ_ДОП	=	вижу 2 пальто 
ПРЯМ_ДОП	=	вижу 5 пальто 
ПРЯМ_ДОП	=	убирать квартиру 
ЧИСЛ_СУЩ	=	2 пальто 
ЧИСЛ_СУЩ	=	5 пальто 
ЧИСЛ_СУЩ	=	пятью пальто 
SentNo=72
AnalytForm	=	был дорог
ГЛ_ЛИЧН	=	, где он , когда учился , жил 
ГЛ_ЛИЧН	=	, когда учился 
КР_ПРИЛ	=	Город , где он , когда учился , жил , был ему дорог . 
SentNo=73
AnalytForm	=	был дорог
ГЛ_ЛИЧН	=	, где он , когда учился , жил 
ГЛ_ЛИЧН	=	, когда учился 
КР_ПРИЛ	=	Город , где он , когда учился , жил , был ему дорог . 
SentNo=74
ГЛ_ЛИЧН	=	Дом , построенный на холме , постепенно разрушался . 
НАРЕЧ_ГЛАГОЛ	=	постепенно разрушался 
ПГ	=	на холме 
ПРИЧ_СУЩ	=	Дом , построенный на холме 
ПРЧ	=	, построенный на холме 
SentNo=75
ДПР	=	, не умирая . 
ОТР_ФОРМА	=	не умирая 
ТИРЕ	=	Наш завещанный нам отцами долг - жить 
SentNo=76
ГЛ_ЛИЧН	=	, кто пришел на этот митинг 
ГЛ_ЛИЧН	=	Тот , кто пришел на этот митинг , получит футболку . 
ПГ	=	на этот митинг 
ПРИЛ_СУЩ	=	этот митинг 
ПРЯМ_ДОП	=	получит футболку 
SentNo=77
AnalytForm	=	стать скучно
ГЛ_ЛИЧН	=	Ему там могло бы за это время стать совсем скучно . 
НАР_ПРЕДИК	=	совсем скучно 
НАРЕЧ_ГЛАГОЛ	=	там могло 
ПГ	=	за это время 
ПРИЛ_СУЩ	=	это время 
SentNo=78
AnalytForm	=	было Лучше
ГЕНИТ_ИГ	=	всю историю футбола 
ОТР_ФОРМА	=	не было 
ОТСРАВН	=	Лучше этой команды 
ПГ	=	за всю историю футбола 
ПРИЛ_СУЩ	=	всю историю 
ПРИЛ_СУЩ	=	этой команды 
СРАВН	=	Лучше этой команды не было за всю историю футбола . 
SentNo=79
ВВОД	=	, наверно 
ГЛ_ЛИЧН	=	Но у них , наверно , по всему лесу рыщут разведчики . 
ПГ	=	по всему лесу 
ПГ	=	у них 
ПРИЛ_СУЩ	=	всему лесу 
SentNo=80
ВВОД	=	, конечно 
ГЛ_ЛИЧН	=	Она пошла в гости , приготовив ужин , конечно 
ДПР	=	, поев . 
ДПР	=	, приготовив ужин , конечно 
ПГ	=	в гости 
ПРЯМ_ДОП	=	приготовив ужин 
SentNo=81
ГЛ_ЛИЧН	=	Они были в том кафе не только вчера , но и сегодня . 
ОБОРОТ	=	но и 
ПГ	=	в том кафе 
ПРИЛ_СУЩ	=	том кафе 
РАЗРЫВ_СОЮЗ	=	не только вчера , но и сегодня 
SentNo=82
ВВОД	=	, наверно 
КР_ПРЧ	=	Оттого , наверно , наши мозги слишком натренированы . 
НАР_ПРИЛ	=	слишком натренированы 
ПРИЛ_СУЩ	=	наши мозги 
SentNo=83
ГЛ_ЛИЧН	=	Длинная унылая дорога тянулась до самого горизонта . 
ПГ	=	до самого горизонта 
ПРИЛ_СУЩ	=	Длинная унылая дорога 
ПРИЛ_СУЩ	=	самого горизонта 
SentNo=84
ГЛ_ЛИЧН	=	И он пошел к своему единственному настоящему другу . 
ПГ	=	к своему единственному настоящему другу 
ПРИЛ_СУЩ	=	своему единственному настоящему другу 
SentNo=85
ГЛ_ЛИЧН	=	, который он , думая о детях , построил . 
ГЛ_ЛИЧН	=	Он увидел дом , который он , думая о детях , построил . 
ДПР	=	, думая о детях 
ПГ	=	о детях 
ПРИДАТ_ОПР	=	дом , который он , думая о детях , построил . 
ПРЯМ_ДОП	=	увидел дом , который он , думая о детях , построил . 
SentNo=86
EMPTY	=	// адъективное склонение с малыми числительными Возможно 
EMPTY	=	; два нищих 
EMPTY	=	; три красивые запятые 
ВВОД	=	, конечно 
ВВОД	=	, наверно 
ГЛ_ЛИЧН	=	Я думаю , наверно 
КР_ПРЧ	=	, конечно , наши мозги слишком натренированы . 
КР_ПРЧ	=	, наши мозги слишком натренированы . две красивые запятые 
НАР_ПРИЛ	=	слишком натренированы 
ПГ	=	с малыми числительными 
ПРЕДК	=	// адъективное склонение с малыми числительными Возможно 
ПРИЛ_СУЩ	=	адъективное склонение 
ПРИЛ_СУЩ	=	красивые запятые 
ПРИЛ_СУЩ	=	малыми числительными 
ПРИЛ_СУЩ	=	наши мозги 
ЧИСЛ_СУЩ	=	два нищих 
ЧИСЛ_СУЩ	=	две красивые запятые 
ЧИСЛ_СУЩ	=	три красивые запятые 
SentNo=87
ГЕНИТ_ИГ	=	множество самых обыкновенных историй 
ГЛ_ЛИЧН	=	Мы рассмотрели множество самых обыкновенных историй . 
МОДИФ_ПРИЛ	=	самых обыкновенных 
ПРИЛ_СУЩ	=	самых обыкновенных историй 
ПРЯМ_ДОП	=	рассмотрели множество самых обыкновенных историй 
SentNo=88
ГЛ_ЛИЧН	=	Мы читали старинные книги , журналы , новейшие газеты . 
ОДНОР_ИГ	=	старинные книги , журналы , новейшие газеты 
ПРИЛ_СУЩ	=	новейшие газеты 
ПРИЛ_СУЩ	=	старинные книги 
ПРЯМ_ДОП	=	читали старинные книги , журналы , новейшие газеты 
SentNo=89
EMPTY	=	Несомненно 
ВВОД	=	Несомненно 
ГЛ_ЛИЧН	=	Несомненно , он сейчас получит ответ на свои вопросы . 
НАРЕЧ_ГЛАГОЛ	=	сейчас получит 
ПГ	=	на свои вопросы 
ПРЕДК	=	Несомненно 
ПРИЛ_СУЩ	=	свои вопросы 
ПРЯМ_ДОП	=	сейчас получит ответ 
SentNo=90
EMPTY	=	Нет , конечно 
ВВОД	=	, конечно 
ГЛ_ЛИЧН	=	, что до манер , тут ты попала в десятку . 
ПГ	=	в десятку 
ПГ	=	до манер 
ПРЕДК	=	Нет , конечно 
SentNo=91
AnalytForm	=	Было приятно
AnalytForm	=	будешь жив
EMPTY	=	, которую я давно 
EMPTY	=	// восстановление вектора анал . форм при втором проходе синтаксиса CWord :: m_MainVerbs и CWord 
EMPTY	=	// на ошибочное ГЕНИТ_ИГ забъем Вот книга , которую я давно 
EMPTY	=	// объединение клауз по правилу о подлежащем 
EMPTY	=	; то , что умрешь все твои 
ГЕНИТ_ИГ	=	восстановление вектора 
ГЕНИТ_ИГ	=	втором проходе синтаксиса 
ГЕНИТ_ИГ	=	объединение клауз 
ГЕНИТ_ИГ	=	солнцем камня 
ГЛ_ЛИЧН	=	, как и подобает , пропил Как профессионал говорю вам 
ГЛ_ЛИЧН	=	, пропил Как профессионал говорю вам 
ГЛ_ЛИЧН	=	, разбивались 
ГЛ_ЛИЧН	=	, что умрешь все твои 
ГЛ_ЛИЧН	=	Он очень хотел научиться если не писать , так читать . данные , предназначенные для переброски 
ИНСТР_ДОП	=	разогретого солнцем камня 
ИНСТР_ДОП	=	тепло разогретого солнцем камня 
КР_ПРИЛ	=	, когда подлежащее еще и омонимично причастию он пророк 
КР_ПРИЛ	=	, ты будешь жив 
НАРЕЧ_ГЛАГОЛ	=	очень хотел 
НАРЕЧ_ГЛАГОЛ	=	тепло разогретого 
ОДНОР_ИГ	=	m_MainVerbs и CWord 
ОТР_ФОРМА	=	не писать 
ПГ	=	для переброски 
ПГ	=	на ошибочное ГЕНИТ_ИГ 
ПГ	=	о подлежащем 
ПГ	=	по правилу 
ПГ	=	при втором проходе синтаксиса 
ПЕР_ГЛАГ_ИНФ	=	очень хотел научиться 
ПЕР_ГЛАГ_ИНФ	=	очень хотел научиться если не писать , так читать 
ПЕР_ГЛАГ_ИНФ	=	приятно ощущать 
ПЕР_ГЛАГ_ИНФ	=	приятно ощущать тепло 
ПРЕДК	=	// на ошибочное ГЕНИТ_ИГ забъем Вот книга , которую я давно 
ПРЕДК	=	:: m_TrennbarePraefixWordNo Было приятно ощущать тепло разогретого солнцем камня . 
ПРИДАТ_ОПР	=	книга , которую я давно 
ПРИЛ_СУЩ	=	все твои 
ПРИЛ_СУЩ	=	втором проходе 
ПРИЛ_СУЩ	=	ошибочное ГЕНИТ_ИГ 
ПРИЧ_СУЩ	=	данные , предназначенные для переброски 
ПРЧ	=	, предназначенные для переброски 
ПРЯМ_ДОП	=	ощущать тепло 
РАЗРЫВ_СОЮЗ	=	если не писать , так читать 
ТИРЕ	=	, Петя - очень даже хороший . 
SentNo=92
AnalytForm	=	было сказано
ГЕНИТ_ИГ	=	руководителям отдела и всего проекта 
КР_ПРЧ	=	Это было сказано руководителям отдела и всего проекта . 
ОДНОР_ИГ	=	отдела и всего проекта 
ПРИЛ_СУЩ	=	всего проекта 
SentNo=93
ГЕНИТ_ИГ	=	определении остатка 
ГЛ_ЛИЧН	=	Вчера , решая задачу , он ошибся при определении остатка . 
ДПР	=	, решая задачу 
ПГ	=	при определении остатка 
ПРЯМ_ДОП	=	решая задачу 
SentNo=94
ГЛ_ЛИЧН	=	, где он никогда не был 
ГЛ_ЛИЧН	=	Город , где он никогда не был , казался ему уродливым . 
ОТР_ФОРМА	=	не был 
SentNo=95
ГЛ_ЛИЧН	=	, который построили на холме 
ГЛ_ЛИЧН	=	Дом , который построили на холме , постепенно разрушался . 
НАРЕЧ_ГЛАГОЛ	=	постепенно разрушался 
ПГ	=	на холме 
ПРИДАТ_ОПР	=	Дом , который построили на холме 
SentNo=96
ВВОД	=	, конечно 
ГЛ_ЛИЧН	=	, конечно , ведь именно этого они ждали столько лет . 
НАР_ЧИСЛ_СУЩ	=	столько лет 
ПРЕДК	=	Жаль 
ПРЯМ_ДОП	=	ждали столько лет 
SentNo=97
ГЛ_ЛИЧН	=	Он оказался неспособен принимать самых простых решений . 
МОДИФ_ПРИЛ	=	самых простых 
ПРИЛ_СУЩ	=	самых простых решений 
SentNo=98
ВВОД	=	, наверно 
ГЛ_ЛИЧН	=	, а затем решили остановиться . 
ГЛ_ЛИЧН	=	Они пошли , наверно , в лес , а затем решили остановиться . 
ОБОРОТ	=	а затем 
ПГ	=	в лес 
ПЕР_ГЛАГ_ИНФ	=	решили остановиться 
SentNo=99
ГЕНИТ_ИГ	=	акционером Эха 
ГЛ_ЛИЧН	=	СПС и Яблоко не дали Немцову побыть акционером Эха . 
ОДНОР_ИГ	=	СПС и Яблоко 
ОТР_ФОРМА	=	не дали 
ПРЯМ_ДОП	=	не дали Немцову 
SentNo=100
ГЛ_ЛИЧН	=	Сломался стол , купленный вчера и разобранный сегодня . 
ПРИЧ_СУЩ	=	стол , купленный вчера и разобранный сегодня . 
ПРЧ	=	, купленный вчера и разобранный сегодня . 
ПРЧ	=	и разобранный сегодня . 
SentNo=101
AnalytForm	=	была рассказана
ГЛ_ЛИЧН	=	, который посеял 
ГЛ_ЛИЧН	=	, он ничего не знал . 
ГЛ_ЛИЧН	=	// ОДНОР_ИНФ может соединять целые ( сложные ) инфинтивные группы Об истории , что была тогда рассказана 
ГЛ_ЛИЧН	=	Я хочу шить ботинки , пальто , печь хлеб , который посеял 
КР_ПРЧ	=	, что была тогда рассказана 
НАРЕЧ_ГЛАГОЛ	=	тогда рассказана 
ОДНОР_ИГ	=	ботинки , пальто 
ОДНОР_ИГ	=	ботинки , пальто , печь 
ОДНОР_ИНФ	=	шить ботинки , пальто , печь хлеб , который посеял 
ОТР_ФОРМА	=	не знал 
ПГ	=	Об истории 
ПЕР_ГЛАГ_ИНФ	=	может соединять 
ПЕР_ГЛАГ_ИНФ	=	хочу шить ботинки , пальто , печь 
ПЕР_ГЛАГ_ИНФ	=	хочу шить ботинки , пальто , печь хлеб , который посеял 
ПРИДАТ_ОПР	=	хлеб , который посеял 
ПРИЛ_СУЩ	=	инфинтивные группы 
ПРЯМ_ДОП	=	печь хлеб , который посеял 
ПРЯМ_ДОП	=	шить ботинки , пальто 
ПРЯМ_ДОП	=	шить ботинки , пальто , печь 
SentNo=102
ГЛ_ЛИЧН	=	Он пришел с красной и синей ракетками в спротивной сумке . 
ОДНОР_ПРИЛ	=	красной и синей 
ПГ	=	в спротивной сумке 
ПГ	=	с красной и синей ракетками 
ПРИЛ_СУЩ	=	красной и синей ракетками 
ПРИЛ_СУЩ	=	спротивной сумке 
SentNo=103
ГЛ_ЛИЧН	=	Мы пользовались удобным по всем показателям новым методом . 
ИНСТР_ДОП	=	пользовались удобным по всем показателям новым методом 
НСО	=	удобным по всем показателям 
ПГ	=	по всем показателям 
ПРИЛ_СУЩ	=	всем показателям 
ПРИЛ_СУЩ	=	удобным по всем показателям новым методом 
SentNo=104
ГЛ_ЛИЧН	=	, когда он приезжал 
ГЛ_ЛИЧН	=	Всегда , когда он приезжал , все выбегали на него посмотреть . 
ПГ	=	на него 
SentNo=105
AnalytForm	=	был бескорыстен
КР_ПРИЛ	=	- или настолько независим ... 
КР_ПРИЛ	=	Он был настолько бескорыстен 
НАР_ПРИЛ	=	настолько бескорыстен 
НАР_ПРИЛ	=	настолько независим 
SentNo=106
ПРИЛ_СУЩ	=	хороший человек 
ТИРЕ	=	, а Петя Васин - не очень даже . 
ТИРЕ	=	Вася Петров - хороший человек 
ФИО	=	Вася Петров 
ФИО	=	Петя Васин 
SentNo=107
ГЛ_ЛИЧН	=	, пошел дождь . 
ГЛ_ЛИЧН	=	, пытаясь решить задачу , сделал чертеж 
ДПР	=	, пытаясь решить задачу 
ИНФ	=	, да еще стекла заклеить . 
ИНФ	=	// не строить ПЕР-ГЛАГ-ИНФ на стекла заклеить Когда он 
НАР_ПРЕДИК	=	Завтра надо 
НАРЕЧ_ГЛАГОЛ	=	еще успеть 
ОТР_ФОРМА	=	не строить 
ПГ	=	на стекла 
ПЕР_ГЛАГ_ИНФ	=	Завтра надо еще успеть 
ПЕР_ГЛАГ_ИНФ	=	Завтра надо еще успеть уложить вещи 
ПЕР_ГЛАГ_ИНФ	=	пытаясь решить задачу 
ПРЕДК	=	, да еще стекла заклеить . 
ПРЕДК	=	Завтра надо еще успеть уложить вещи 
ПРЯМ_ДОП	=	не строить ПЕР-ГЛАГ-ИНФ 
ПРЯМ_ДОП	=	решить задачу 
ПРЯМ_ДОП	=	сделал чертеж 
ПРЯМ_ДОП	=	уложить вещи 
SentNo=108
EMPTY	=	// ошибка в который 
ГЕНИТ_ИГ	=	которою Биой 
ГЛ_ЛИЧН	=	, которою Биой хотел оправдать свою фразу . // ошибка в который 
ГЛ_ЛИЧН	=	Война стала для них бытом 
ГЛ_ЛИЧН	=	Он этим вопросом , очень скучным и глупым , не интересовался . 
ГЛ_ЛИЧН	=	были выдумкой 
НАР_ПРИЛ	=	очень скучным 
ОДНОР_ИНФ	=	собираться и падать 
ОДНОР_ПРИЛ	=	очень скучным и глупым 
ОТР_ФОРМА	=	не интересовался 
ПГ	=	в который 
ПГ	=	для них 
ПЕР_ГЛАГ_ИНФ	=	должно собираться и падать 
ПЕР_ГЛАГ_ИНФ	=	хотел оправдать свою фразу 
ПРЕДК	=	( не должно собираться и падать ) 
ПРИЛ_СУЩ	=	единственной семьей 
ПРИЛ_СУЩ	=	свою фразу 
ПРИЛ_СУЩ	=	этим вопросом 
ПРИЛ_СУЩ	=	этот взвод 
ПРЯМ_ДОП	=	оправдать свою фразу 
СУЩ_ОБС_ПРИЛ	=	этим вопросом , очень скучным и глупым 
ТИРЕ	=	и этот взвод - единственной семьей . 
SentNo=109
ВВОД	=	, наверно 
ГЛ_ЛИЧН	=	Зеленые , красные и сиреневые облака , наверно , плыли над нами . 
ОДНОР_ПРИЛ	=	Зеленые , красные и сиреневые 
ПГ	=	над нами 
ПРИЛ_СУЩ	=	Зеленые , красные и сиреневые облака 
SentNo=110
AnalytForm	=	был дорог
ГЛ_ЛИЧН	=	, где башня , когда она строилась , сгорела 
ГЛ_ЛИЧН	=	, когда она строилась 
КР_ПРИЛ	=	Город , где башня , когда она строилась , сгорела , был ему дорог . 
SentNo=111
ГЕНИТ_ИГ	=	улице двадцати шести бакинских комиссаров 
ГЛ_ЛИЧН	=	Недавно побывали на улице двадцати шести бакинских комиссаров . 
КОЛИЧ	=	двадцати шести 
НАРЕЧ_ГЛАГОЛ	=	Недавно побывали 
ПГ	=	на улице двадцати шести бакинских комиссаров 
ПРИЛ_СУЩ	=	бакинских комиссаров 
ЧИСЛ_СУЩ	=	двадцати шести бакинских комиссаров 
SentNo=112
EMPTY	=	Готовый к новому большому и очень трудному походу молодой воин . 
НАР_ПРИЛ	=	очень трудному 
НСО	=	Готовый к новому большому и очень трудному походу 
ОДНОР_ПРИЛ	=	большому и очень трудному 
ПГ	=	к новому большому и очень трудному походу 
ПРИЛ_СУЩ	=	Готовый к новому большому и очень трудному походу молодой воин 
ПРИЛ_СУЩ	=	новому большому и очень трудному походу 
SentNo=113
ВВОД	=	, наверно 
ГЛ_ЛИЧН	=	Такого царственного существа , наверно , больше нигде не найдешь . 
МОДИФ_ПРИЛ	=	Такого царственного 
ОТР_ФОРМА	=	не найдешь 
ПРИЛ_СУЩ	=	Такого царственного существа 
SentNo=114
ВВОД	=	, наверно 
ГЛ_ЛИЧН	=	Такого царственного существа , наверно , больше нигде не найдешь . 
МОДИФ_ПРИЛ	=	Такого царственного 
ОТР_ФОРМА	=	не найдешь 
ПРИЛ_СУЩ	=	Такого царственного существа 
SentNo=115
ГЛ_ЛИЧН	=	В большом просторном доме не нашлось места для маленького ослика . 
ОТР_ФОРМА	=	не нашлось 
ПГ	=	В большом просторном доме 
ПГ	=	для маленького ослика 
ПРИЛ_СУЩ	=	большом просторном доме 
ПРИЛ_СУЩ	=	маленького ослика 
SentNo=116
ГЛ_ЛИЧН	=	Его отца , очень обидчивого человека , эта реплика вывела из себя . 
НАР_ПРИЛ	=	очень обидчивого 
ПГ	=	из себя 
ПРИЛ_СУЩ	=	Его отца 
ПРИЛ_СУЩ	=	очень обидчивого человека 
ПРИЛ_СУЩ	=	эта реплика 
ПРИЛОЖЕНИЕ	=	Его отца , очень обидчивого человека 
SentNo=117
AnalytForm	=	были больше
ГЕНИТ_ИГ	=	архивы городских стражников 
ОДНОР_ПРИЛ	=	больше и интереснее 
ПРИЛ_СУЩ	=	городских стражников 
СРАВН	=	Значительно больше и интереснее были архивы городских стражников . 
SentNo=118
ГЛ_ЛИЧН	=	Мы исследовали 123 , 555 комбинаций и не пришли ни к какому выводу . 
ГЛ_ЛИЧН	=	и не пришли ни к какому выводу . 
ОТР_ФОРМА	=	не пришли 
ПГ	=	к какому выводу 
ПРИЛ_СУЩ	=	какому выводу 
ПРЯМ_ДОП	=	исследовали 123 , 555 комбинаций 
СЛОЖ_ЧИСЛ	=	123 , 555 
ЧИСЛ_СУЩ	=	123 , 555 комбинаций 
SentNo=119
ГЕНИТ_ИГ	=	токами воздуха 
ГЛ_ЛИЧН	=	Серый рваный дым цеплялся за ветви елей , прижатый токами воздуха 
ГЛ_ЛИЧН	=	работали старой пилой 
ИНСТР_ДОП	=	прижатый токами воздуха 
ИНСТР_ДОП	=	работали старой пилой 
КР_ПРИЛ	=	// здесь должен остаться омоним ель Вчера в лесу мы 
ПГ	=	в лесу 
ПГ	=	во дворе 
ПГ	=	за ветви 
ПРИЛ_СУЩ	=	Серый рваный дым 
ПРИЛ_СУЩ	=	старой пилой 
ПРИЧ_СУЩ	=	елей , прижатый токами воздуха 
ПРЧ	=	, прижатый токами воздуха 
ТИРЕ	=	, а сегодня во дворе - новой . 
SentNo=120
ВВОД	=	, и конечно же 
ВВОД	=	, конечно 
ГЛ_ЛИЧН	=	, и конечно же , начальник рассмотрит ее жалобу . 
ГЛ_ЛИЧН	=	Она пришла , конечно 
ПРИЛ_СУЩ	=	ее жалобу 
ПРЯМ_ДОП	=	рассмотрит ее жалобу 
SentNo=121
ГЕНИТ_ИГ	=	самым знаменитым скрипачом того времени 
ГЛ_ЛИЧН	=	А потом мы познакомились с самым знаменитым скрипачом того времени . 
МОДИФ_ПРИЛ	=	самым знаменитым 
ОБОРОТ	=	А потом 
ПГ	=	с самым знаменитым скрипачом того времени 
ПРИЛ_СУЩ	=	самым знаменитым скрипачом 
ПРИЛ_СУЩ	=	того времени 
SentNo=122
ГЕНИТ_ИГ	=	Большинство мальчиков 
ГЕНИТ_ИГ	=	Большинство мальчиков , игравших во дворе весь день 
ГЛ_ЛИЧН	=	Большинство мальчиков , игравших во дворе весь день , уже ушли домой . 
НАРЕЧ_ГЛАГОЛ	=	уже ушли 
ПГ	=	во дворе 
ПРИЛ_СУЩ	=	весь день 
ПРИЧ_СУЩ	=	мальчиков , игравших во дворе весь день 
ПРЧ	=	, игравших во дворе весь день 
SentNo=123
ГЛ_ЛИЧН	=	Вернувшись поздно , усталый и очень недовольный , он мгновенно уснул . 
ДПР	=	Вернувшись поздно , усталый и очень недовольный 
НАР_ПРИЛ	=	очень недовольный 
НАРЕЧ_ГЛАГОЛ	=	мгновенно уснул 
ОДНОР_ПРИЛ	=	усталый и очень недовольный 
SentNo=124
ВВОД	=	, наверно 
ГЕНИТ_ИГ	=	Стена джунглей 
ПГ	=	до горизонта 
ПГ	=	на добрых 
ПРИЛ_ПОСТПОС	=	дело дьявольское 
ПРИЛ_ПОСТПОС	=	дело человеческое 
ПРИЛ_СУЩ	=	свой грех 
ПРИЧ_СУЩ	=	Стена джунглей , тянувшаяся до горизонта и , наверно 
ПРЧ	=	, тянувшаяся до горизонта и , наверно 
ПРЯМ_ДОП	=	оправдывать свой грех 
ТИРЕ	=	, оправдывать свой грех - дело дьявольское . 
ТИРЕ	=	Стена джунглей , тянувшаяся до горизонта и , наверно , еще на добрых две Грешить - дело человеческое 
SentNo=125
ГЛ_ЛИЧН	=	Одна тысяча пятьсот девяносто шесть участников не смогли решить задачу . 
КОЛИЧ	=	Одна тысяча пятьсот девяносто шесть 
ОТР_ФОРМА	=	не смогли 
ПЕР_ГЛАГ_ИНФ	=	не смогли решить задачу 
ПРЯМ_ДОП	=	решить задачу 
ЧИСЛ_СУЩ	=	Одна тысяча пятьсот девяносто шесть участников 
SentNo=126
ГЛ_ЛИЧН	=	К ожидающему неприятностей мальчику подошел внушительного вида полисмен . 
НСО	=	ожидающему неприятностей 
ПГ	=	К ожидающему неприятностей мальчику 
ПРИЛ_СУЩ	=	внушительного вида 
ПРИЛ_СУЩ	=	ожидающему неприятностей мальчику 
SentNo=127
ГЛ_ЛИЧН	=	, пошел дождь . 
ГЛ_ЛИЧН	=	Когда на столе , покрытом скатертью , они расставили тарелки 
ИНСТР_ДОП	=	покрытом скатертью 
ПГ	=	на столе , покрытом скатертью 
ПРИЧ_СУЩ	=	столе , покрытом скатертью 
ПРЧ	=	, покрытом скатертью 
ПРЯМ_ДОП	=	расставили тарелки 
SentNo=128
EMPTY	=	На этот вот момент , конечно 
ВВОД	=	, конечно 
ПГ	=	из новостей 
ПРЕДК	=	На этот вот момент , конечно 
ТИРЕ	=	, главная из новостей - пройдоха Президент . 
SentNo=129
ГЛ_ЛИЧН	=	, к 2 слонам Городок Б . очень повеселел , когда начал в нем стоять кавалерийский полк . 
ГЛ_ЛИЧН	=	, когда начал в нем стоять кавалерийский полк . 
ГЛ_ЛИЧН	=	, я видел 2 слонов , о 2 слонах , под 2 слонами 
ГЛ_ЛИЧН	=	2 слона пробежали 
НАРЕЧ_ГЛАГОЛ	=	очень повеселел 
ПГ	=	в нем 
ПГ	=	к 2 слонам 
ПГ	=	о 2 слонах 
ПГ	=	под 2 слонами 
ПРИЛ_СУЩ	=	кавалерийский полк 
ПРЯМ_ДОП	=	видел 2 слонов 
ЧИСЛ_СУЩ	=	2 слона 
ЧИСЛ_СУЩ	=	2 слонам 
ЧИСЛ_СУЩ	=	2 слонами 
ЧИСЛ_СУЩ	=	2 слонах 
ЧИСЛ_СУЩ	=	2 слонов 
SentNo=130
ГЛ_ЛИЧН	=	Зрелище это производило впечатление необычное , страшное и очень неприятное . 
НАР_ПРИЛ	=	очень неприятное 
ОДНОР_ПРИЛ	=	необычное , страшное и очень неприятное 
ПРИЛ_ПОСТПОС	=	впечатление необычное , страшное и очень неприятное 
ПРЯМ_ДОП	=	производило впечатление необычное , страшное и очень неприятное 
SentNo=131
ГЛ_ЛИЧН	=	, в котором участвует специалист 
ГЛ_ЛИЧН	=	Перед началом , в котором участвует специалист , следователь удостоверяется Строящим высокие дома англичанам 
ГЛ_ЛИЧН	=	казались странными эти низкорослые жилища . 
НСО	=	Строящим высокие дома 
ПГ	=	Перед началом , в котором участвует специалист 
ПГ	=	в котором 
ПРИДАТ_ОПР	=	началом , в котором участвует специалист 
ПРИЛ_СУЩ	=	Строящим высокие дома англичанам 
ПРИЛ_СУЩ	=	высокие дома 
ПРИЛ_СУЩ	=	эти низкорослые жилища 
ПРЯМ_ДОП	=	Строящим высокие дома 
SentNo=132
АНАТ_СРАВН	=	более интересную 
ГЕНИТ_ИГ	=	более интересную линию прически 
ГЛ_ЛИЧН	=	Химия дает более интересную линию прически , как будто она раскидана ветром . 
ИНСТР_ДОП	=	раскидана ветром 
КР_ПРЧ	=	, как будто она раскидана ветром . 
ОБОРОТ	=	как будто 
ПРИЛ_СУЩ	=	более интересную линию 
ПРЯМ_ДОП	=	дает более интересную линию прически 
SentNo=133
AnalytForm	=	был уверен
ГЛ_ЛИЧН	=	, когда никто еще ничего не понимал 
КР_ПРИЛ	=	Хотя тогда , когда никто еще ничего не понимал , он был весьма в этом уверен . 
ОТР_ФОРМА	=	не понимал 
ПГ	=	в этом 
SentNo=134
EMPTY	=	, если бы не гроза . 
ВВОД	=	, и наверно 
ГЛ_ЛИЧН	=	, и наверно , быстро бы достигла цели 
ГЛ_ЛИЧН	=	Она двинулась в путь , и наверно , быстро бы достигла цели 
ОБОРОТ	=	если бы 
ПГ	=	в путь 
ПРЯМ_ДОП	=	достигла цели 
SentNo=135
ГЛ_ЛИЧН	=	, выключили электричество . 
ГЛ_ЛИЧН	=	Когда он , пытаясь решить задачу , запустил компьютер 
ДПР	=	, пытаясь решить задачу 
ПЕР_ГЛАГ_ИНФ	=	пытаясь решить задачу 
ПРЯМ_ДОП	=	выключили электричество 
ПРЯМ_ДОП	=	запустил компьютер 
ПРЯМ_ДОП	=	решить задачу 
SentNo=136
AnalytForm	=	были навалены
ГЛ_ЛИЧН	=	, 350 метров удлинились , под 350 метрами 
ГЛ_ЛИЧН	=	, как они смогли выбраться отттуда так быстро . мы 
ГЛ_ЛИЧН	=	, над которым висела лампа 
ГЛ_ЛИЧН	=	, о 350 метрах Он увидел 
ГЛ_ЛИЧН	=	Оставалось совершенно непонятно , как они смогли выбраться отттуда так быстро . мы 
ГЛ_ЛИЧН	=	пробежали 350 метров 
КР_ПРЧ	=	, что на столе , над которым висела лампа , были горой навалены учебники . 
НАР_НАР	=	совершенно непонятно 
НАР_НАР	=	так быстро 
ПГ	=	на столе , над которым висела лампа 
ПГ	=	над которым 
ПГ	=	о 350 метрах 
ПГ	=	под 350 метрами 
ПЕР_ГЛАГ_ИНФ	=	смогли выбраться 
ПРИДАТ_ОПР	=	столе , над которым висела лампа 
ПРЯМ_ДОП	=	пробежали 350 метров 
ЧИСЛ_СУЩ	=	350 метрами 
ЧИСЛ_СУЩ	=	350 метрах 
ЧИСЛ_СУЩ	=	350 метров 
SentNo=137
AnalytForm	=	были навалены
ГЛ_ЛИЧН	=	, договориться было бы очень непросто . 
ГЛ_ЛИЧН	=	, над которым висела лампа 
ГЛ_ЛИЧН	=	, пять мальчиков пришли 
ГЛ_ЛИЧН	=	, чьими вычислениями они пользовались 
ГЛ_ЛИЧН	=	, я вижу пять мальчиков С каждым , чьими вычислениями они пользовались 
ГЛ_ЛИЧН	=	Он увидел 
КР_ПРЧ	=	, что на столе , над которым висела лампа , были горой навалены учебники . с пятью мальчиками , о пяти мальчиках 
НАР_НАР	=	очень непросто 
ПГ	=	С каждым 
ПГ	=	на столе , над которым висела лампа 
ПГ	=	над которым 
ПГ	=	о пяти мальчиках 
ПГ	=	с пятью мальчиками 
ПРИДАТ_ОПР	=	столе , над которым висела лампа 
ПРИЛ_СУЩ	=	чьими вычислениями 
ПРЯМ_ДОП	=	вижу пять мальчиков 
ЧИСЛ_СУЩ	=	пяти мальчиках 
ЧИСЛ_СУЩ	=	пять мальчиков 
ЧИСЛ_СУЩ	=	пятью мальчиками 
SentNo=138
ВВОД	=	, наверно 
ГЛ_ЛИЧН	=	, то , наверно , ушел бы в него по самые плечи . 
ГЛ_ЛИЧН	=	Если б я осмелился примерить его цилиндр 
ОБОРОТ	=	Если б 
ПГ	=	в него 
ПГ	=	по самые плечи 
ПЕР_ГЛАГ_ИНФ	=	осмелился примерить его цилиндр 
ПРИЛ_СУЩ	=	его цилиндр 
ПРИЛ_СУЩ	=	самые плечи 
ПРЯМ_ДОП	=	примерить его цилиндр 
SentNo=139
EMPTY	=	// нейтр . , вопр . 
EMPTY	=	; Оттого и потому 
EMPTY	=	; Отчего и зло 
EMPTY	=	; Отчего и куда 
EMPTY	=	; красиво и весело 
EMPTY	=	; красиво и куда 
ГЛ_ЛИЧН	=	, и относ . наречия не могут смешиваться в ОДНОР_НАР Здесь же 
ГЛ_ЛИЧН	=	, я видел двух слонов , о двух слонах , под двумя слонами , к двум слонам Оттого и зло 
ГЛ_ЛИЧН	=	Пожилой , широкоплечий , видимо хозяин , молодой парень , обесцвеченный городской одеждой // ИНСТР_ДОП имеет вес два слона 
ГЛ_ЛИЧН	=	пробежали 
ГЛ_ЛИЧН	=	указываются и дополнительные сведения по перевалу , важные с точки зрения автора . 
ИНСТР_ДОП	=	обесцвеченный городской одеждой 
КР_ПРИЛ	=	; красиво и куда 
ОБОРОТ	=	с точки зрения 
ОДНОР_ИГ	=	хозяин , молодой парень , обесцвеченный городской 
ОДНОР_НАР	=	Оттого и потому 
ОДНОР_НАР	=	Отчего и куда 
ОДНОР_НАР	=	красиво и весело 
ОДНОР_ПРИЛ	=	Пожилой , широкоплечий 
ОТР_ФОРМА	=	не могут 
ПГ	=	в ОДНОР_НАР 
ПГ	=	к двум слонам 
ПГ	=	о двух слонах 
ПГ	=	по перевалу 
ПГ	=	под двумя слонами 
ПГ	=	с точки зрения автора 
ПЕР_ГЛАГ_ИНФ	=	не могут смешиваться 
ПРИЛ_СУЩ	=	городской одеждой 
ПРИЛ_СУЩ	=	дополнительные сведения 
ПРИЛ_СУЩ	=	молодой парень 
ПРИЛ_СУЩ	=	обесцвеченный городской 
ПРИЛОЖЕНИЕ	=	хозяин , молодой парень 
ПРЯМ_ДОП	=	видел двух слонов 
ПРЯМ_ДОП	=	имеет вес 
ЧИСЛ_СУЩ	=	два слона 
ЧИСЛ_СУЩ	=	двум слонам 
ЧИСЛ_СУЩ	=	двумя слонами 
ЧИСЛ_СУЩ	=	двух слонах 
ЧИСЛ_СУЩ	=	двух слонов 
SentNo=140
EMPTY	=	// НСО и обороты Нет 
ГЛ_ЛИЧН	=	, думала я , расчесывая волосы и со злобы выдирая целые пучки . 
ГЛ_ЛИЧН	=	, хватит 
ГЛ_ЛИЧН	=	, хватит с меня этого 
ДПР	=	, расчесывая волосы и со злобы выдирая целые пучки . 
ДПР	=	и со злобы выдирая целые пучки . 
ОДНОР_ИГ	=	НСО и обороты 
ПГ	=	с меня 
ПГ	=	со злобы 
ПРЕДК	=	// НСО и обороты Нет 
ПРИЛ_СУЩ	=	целые пучки 
ПРЯМ_ДОП	=	выдирая целые пучки 
ПРЯМ_ДОП	=	расчесывая волосы 
SentNo=141
ВВОД	=	, -- наверно 
ГЛ_ЛИЧН	=	, -- прошептал Врумфундель 
ГЛ_ЛИЧН	=	- Не знаю 
КР_ПРЧ	=	, -- наверно , наши мозги слишком натренированы , Маджиктиз . 
НАР_ПРИЛ	=	слишком натренированы 
ОТР_ФОРМА	=	Не знаю 
ПРИЛ_СУЩ	=	наши мозги 
ПРЯМ_ДОП	=	прошептал Врумфундель 
SentNo=142
AnalytForm	=	будете подвергнуты
ГЕНИТ_ИГ	=	пункт 13 уголовного кодекса 
КР_ПРЧ	=	Согласно статье 123 , пункт 13 уголовного кодекса вы будете подвергнуты немедленному задержанию . 
ПГ	=	Согласно статье 123 
ПРИЛ_СУЩ	=	немедленному задержанию 
ПРИЛ_СУЩ	=	уголовного кодекса 
СУЩ_ЧИСЛ	=	пункт 13 
СУЩ_ЧИСЛ	=	статье 123 
SentNo=143
EMPTY	=	Так 
ГЕНИТ_ИГ	=	дому Атабалы 
ГЛ_ЛИЧН	=	, где во дворике был колодец . 
ГЛ_ЛИЧН	=	, рассуждал я о своей жизни , подходя к дому Атабалы 
ДПР	=	, подходя к дому Атабалы 
ПГ	=	во дворике 
ПГ	=	к дому Атабалы 
ПГ	=	о своей жизни 
ПРИЛ_СУЩ	=	своей жизни 
ПРЧ	=	, успокоенный 
SentNo=144
EMPTY	=	, много хорошеньких 
ГЕНИТ_ИГ	=	Никакие вопросы поддержки работы с пользователем , документирования , тиражирования 
ГЕНИТ_ИГ	=	поддержки работы 
ГЕНИТ_ИГ	=	супер-ИГ Ноги 
ГЛ_ЛИЧН	=	, люди идут 
ГЛ_ЛИЧН	=	, остригусь и начну . 
ГЛ_ЛИЧН	=	, торопятся 
ГЛ_ЛИЧН	=	и начну . 
ИГ	=	поддержки работы с пользователем 
КР_ПРИЛ	=	, весенний день еще длинен 
КР_ПРИЛ	=	Никакие вопросы поддержки работы с пользователем , документирования , тиражирования // супер-ИГ Ноги еще легки 
ОДНОР_ИГ	=	поддержки работы с пользователем , документирования , тиражирования 
ПГ	=	с пользователем 
ПРЕДК	=	, много хорошеньких 
ПРИЛ_СУЩ	=	Никакие вопросы 
ПРИЛ_СУЩ	=	весенний день 
SentNo=145
ГЕНИТ_ИГ	=	Богатство ассоциаций 
ГЕНИТ_ИГ	=	блеск композиции 
ГЕНИТ_ИГ	=	могуче-действенные приемы изобразительности 
ГЕНИТ_ИГ	=	сила контрастов 
ОДНОР_ИГ	=	Богатство ассоциаций , блеск композиции , сила контрастов 
ПРИЛ_СУЩ	=	могуче-действенные приемы 
ТИРЕ	=	Богатство ассоциаций , блеск композиции , сила контрастов - могуче-действенные приемы изобразительности . 
SentNo=146
EMPTY	=	, чем объем продаж 
ГЕНИТ_ИГ	=	объем продаж 
ГЛ_ЛИЧН	=	, благодаривших Гун за стиль Представьте себе жизнь скучную , одинокую , когда существование ваше никого постороннего не может интересовать . 
ГЛ_ЛИЧН	=	, когда существование ваше никого постороннего не может интересовать . 
ГЛ_ЛИЧН	=	Не менее важным фактором , чем объем продаж , стали письма от покупателей 
ОБОРОТ	=	Не менее 
ОДНОР_ПРИЛ	=	скучную , одинокую 
ОТР_ФОРМА	=	не может 
ПГ	=	за стиль 
ПГ	=	от покупателей 
ПЕР_ГЛАГ_ИНФ	=	не может интересовать 
ПРИЛ_ПОСТПОС	=	жизнь скучную , одинокую 
ПРИЛ_СУЩ	=	важным фактором 
ПРЯМ_ДОП	=	благодаривших Гун 
SentNo=147
ГЕНИТ_ИГ	=	груды бигуди 
ГЛ_ЛИЧН	=	Он открыл фибровый чемоданчик и из-под груды бигуди , деревянных палочек , флаконов вытащил увесистый коричневый том . 
ГЛ_ЛИЧН	=	и из-под груды бигуди , деревянных палочек , флаконов вытащил увесистый коричневый том . 
ОДНОР_ИГ	=	груды бигуди , деревянных палочек , флаконов 
ПГ	=	из-под груды бигуди , деревянных палочек , флаконов 
ПРИЛ_СУЩ	=	деревянных палочек 
ПРИЛ_СУЩ	=	увесистый коричневый том 
ПРИЛ_СУЩ	=	фибровый чемоданчик 
ПРЯМ_ДОП	=	вытащил увесистый коричневый том 
ПРЯМ_ДОП	=	открыл фибровый чемоданчик 
SentNo=148
ГЕНИТ_ИГ	=	линию электропередач 
ГЕНИТ_ИГ	=	лодке мертвеца 
ГЕНИТ_ИГ	=	районе населенного пункта 
ГЛ_ЛИЧН	=	, который , согласно египетским мифам , днем плыл на лодке по небесному Нилу В районе населенного пункта Устьпорочи , в 60 км северо-западнее Советской гавани 
ГЛ_ЛИЧН	=	А плавание на лодке мертвеца отсылка к Ра30 , который , согласно египетским мифам , днем плыл на лодке по небесному Нилу В районе населенного пункта Устьпорочи , в 60 км северо-западнее Советской гавани , он зацепился за линию электропередач и рухнул . 
ГЛ_ЛИЧН	=	и рухнул . 
НАРЕЧ_ГЛАГОЛ	=	днем плыл 
ОТСРАВН	=	северо-западнее Советской гавани 
ПГ	=	В районе населенного пункта 
ПГ	=	в 60 км 
ПГ	=	за линию электропередач 
ПГ	=	на лодке 
ПГ	=	на лодке мертвеца 
ПГ	=	по небесному Нилу 
ПГ	=	согласно египетским мифам 
ПРИЛ_СУЩ	=	Советской гавани 
ПРИЛ_СУЩ	=	египетским мифам 
ПРИЛ_СУЩ	=	населенного пункта 
ПРИЛ_СУЩ	=	небесному Нилу 
ЧИСЛ_СУЩ	=	60 км 
SentNo=149
ГЛ_ЛИЧН	=	, а постояла над ним , раздумывая о чем-то , и вдруг окончательно решила , что ей не хочется видеть этого Ричарда . 
ГЛ_ЛИЧН	=	, и вдруг окончательно решила , что ей не хочется видеть этого Ричарда . 
ГЛ_ЛИЧН	=	, что ей не хочется видеть этого Ричарда . 
ГЛ_ЛИЧН	=	Она не подняла его , а постояла над ним , раздумывая о чем-то , и вдруг окончательно решила , что ей не хочется видеть этого Ричарда . 
ДПР	=	, раздумывая о чем-то 
НАРЕЧ_ГЛАГОЛ	=	окончательно решила 
ОТР_ФОРМА	=	не подняла 
ОТР_ФОРМА	=	не хочется 
ПГ	=	над ним 
ПГ	=	о чем-то 
ПРИЛ_СУЩ	=	этого Ричарда 
ПРЯМ_ДОП	=	видеть этого Ричарда 
ПРЯМ_ДОП	=	не подняла его 
SentNo=150
EMPTY	=	, в помятые жестяные тазы . 
EMPTY	=	Два мастера , уже не в белых 
ГЛ_ЛИЧН	=	, а в черных халатах , колдовали над двумя женскими головами , откинутыми назад 
ПГ	=	в белых 
ПГ	=	в помятые жестяные тазы 
ПГ	=	в черных халатах 
ПГ	=	над двумя женскими головами , откинутыми назад 
ПРИЛ_СУЩ	=	женскими головами 
ПРИЛ_СУЩ	=	помятые жестяные тазы 
ПРИЛ_СУЩ	=	черных халатах 
ПРИЧ_СУЩ	=	женскими головами , откинутыми назад 
ПРЧ	=	, откинутыми назад 
ЧИСЛ_СУЩ	=	Два мастера 
ЧИСЛ_СУЩ	=	двумя женскими головами , откинутыми назад 
SentNo=151
ГЛ_ЛИЧН	=	, а потом уже потребовала , чтобы я приходил к ней на свидания в гостиницу . 
ГЛ_ЛИЧН	=	, она сначала заставила меня поссориться с матерью , а потом уже потребовала , чтобы я приходил к ней на свидания в гостиницу . 
ГЛ_ЛИЧН	=	, чтобы я приходил к ней на свидания в гостиницу . 
ГЛ_ЛИЧН	=	Заметьте 
НАРЕЧ_ГЛАГОЛ	=	сначала заставила 
НАРЕЧ_ГЛАГОЛ	=	уже потребовала 
ОБОРОТ	=	а потом 
ПГ	=	в гостиницу 
ПГ	=	к ней 
ПГ	=	на свидания 
ПГ	=	с матерью 
ПРЯМ_ДОП	=	сначала заставила меня 
SentNo=152
EMPTY	=	// объединение клауз внутри другой клаузы Этот хилый цыпленок , недоносок этот 
ГЕНИТ_ИГ	=	объединение клауз 
ГЛ_ЛИЧН	=	, если соблюдет рубеж и тот зазор между реальным и воображаемым , который как раз таки и призывает его перейти Пение Сирен . 
ГЛ_ЛИЧН	=	, который как раз таки и призывает его перейти Пение Сирен . 
ГЛ_ЛИЧН	=	, скользкая , противная медузка эта всегда выводила ее из себя своей женственной мягкостью , корректностью и печалью . 
ГЛ_ЛИЧН	=	Он будет всем , если соблюдет рубеж и тот зазор между реальным и воображаемым , который как раз таки и призывает его перейти Пение Сирен . 
НАРЕЧ_ГЛАГОЛ	=	всегда выводила 
ОБОРОТ	=	как раз 
ОДНОР_ИГ	=	Этот хилый цыпленок , недоносок 
ОДНОР_ИГ	=	рубеж и тот зазор 
ОДНОР_ИГ	=	своей женственной мягкостью , корректностью и печалью 
ОДНОР_ПРИЛ	=	реальным и воображаемым 
ОДНОР_ПРИЛ	=	скользкая , противная 
ПГ	=	из себя 
ПГ	=	между реальным и воображаемым 
ПРИЛ_СУЩ	=	Этот хилый цыпленок 
ПРИЛ_СУЩ	=	своей женственной мягкостью 
ПРИЛ_СУЩ	=	скользкая , противная медузка 
ПРИЛ_СУЩ	=	тот зазор 
ПРЯМ_ДОП	=	всегда выводила ее 
ПРЯМ_ДОП	=	перейти Пение 
ПРЯМ_ДОП	=	призывает его 
ПРЯМ_ДОП	=	соблюдет рубеж и тот зазор 
SentNo=153
EMPTY	=	, в сущности 
ВВОД	=	, в сущности 
ГЕНИТ_ИГ	=	окончание образования 
ГЛ_ЛИЧН	=	, мне не удалось закончить образование 
ГЛ_ЛИЧН	=	, но окончание образования входит в мой план . 
ГЛ_ЛИЧН	=	, я , в сущности , имею неполных семь классов , но окончание образования входит в мой план . 
ИНФ	=	Чтобы не сидеть у них на шее 
ОБОРОТ	=	в сущности 
ОТР_ФОРМА	=	не сидеть 
ОТР_ФОРМА	=	не удалось 
ПГ	=	в мой план 
ПГ	=	в сущности 
ПГ	=	на шее 
ПГ	=	у них 
ПЕР_ГЛАГ_ИНФ	=	не удалось закончить образование 
ПРИЛ_СУЩ	=	мой план 
ПРИЛ_СУЩ	=	неполных семь классов 
ПРЯМ_ДОП	=	закончить образование 
ЧИСЛ_СУЩ	=	семь классов 
SentNo=154
EMPTY	=	// объединение клауз по правилу о подлежащем 
ГЕНИТ_ИГ	=	адрес назначения 
ГЕНИТ_ИГ	=	объединение клауз 
ГЛ_ЛИЧН	=	, в которой данные , предназначенные для переброски , разбивались на пакеты , каждый из которых имел свой адрес назначения 
ГЛ_ЛИЧН	=	, и сунул Бербеджу записку . 
ГЛ_ЛИЧН	=	, их остановил мальчишка , бойкий , востроглазый чертенок , один из тех , что держал лошадей у входа в театр , и сунул Бербеджу записку . 
ГЛ_ЛИЧН	=	, каждый из которых имел свой адрес назначения 
ГЛ_ЛИЧН	=	, что держал лошадей у входа в театр , и сунул Бербеджу записку . 
ГЛ_ЛИЧН	=	Эта технология , в которой данные , предназначенные для переброски , разбивались на пакеты , каждый из которых имел свой адрес назначения , обещала возможность 
КР_ПРИЛ	=	, когда подлежащее еще и омонимично причастию В коридоре , узком и темноватом 
ОДНОР_ПРИЛ	=	бойкий , востроглазый 
ОДНОР_ПРИЛ	=	узком и темноватом 
ПГ	=	В коридоре , узком и темноватом 
ПГ	=	в которой 
ПГ	=	в театр 
ПГ	=	для переброски 
ПГ	=	из которых 
ПГ	=	из тех 
ПГ	=	на пакеты , каждый из которых имел свой адрес назначения 
ПГ	=	о подлежащем 
ПГ	=	по правилу 
ПГ	=	у входа 
ПРИДАТ_ОПР	=	Эта технология , в которой данные , предназначенные для переброски , разбивались на пакеты , каждый из которых имел свой адрес назначения 
ПРИДАТ_ОПР	=	пакеты , каждый из которых имел свой адрес назначения 
ПРИЛ_СУЩ	=	Эта технология 
ПРИЛ_СУЩ	=	бойкий , востроглазый чертенок 
ПРИЛ_СУЩ	=	свой адрес назначения 
ПРИЛОЖЕНИЕ	=	мальчишка , бойкий , востроглазый чертенок 
ПРИЧ_СУЩ	=	данные , предназначенные для переброски 
ПРЧ	=	, предназначенные для переброски 
ПРЯМ_ДОП	=	держал лошадей 
ПРЯМ_ДОП	=	имел свой адрес назначения 
ПРЯМ_ДОП	=	обещала возможность 
ПРЯМ_ДОП_РЕВ	=	их остановил 
СУЩ_ОБС_ПРИЛ	=	коридоре , узком и темноватом 
ЭЛЕКТ_ИГ	=	каждый из которых 
ЭЛЕКТ_ИГ	=	один из тех 
SentNo=155
EMPTY	=	, а не дела о краже денег из бронированной машины Коммерческого банка , которая приписывается ее отцу . 
ГЕНИТ_ИГ	=	бронированной машины Коммерческого банка 
ГЕНИТ_ИГ	=	краже денег 
ГЕНИТ_ИГ	=	обвинению Арлен 
ГЛ_ЛИЧН	=	, которая приписывается ее отцу . 
ГЛ_ЛИЧН	=	Сейчас идет слушание по обвинению Арлен Дюваль в убийстве 
НАРЕЧ_ГЛАГОЛ	=	Сейчас идет 
ПГ	=	в убийстве 
ПГ	=	из бронированной машины Коммерческого банка , которая приписывается ее отцу . 
ПГ	=	о краже денег 
ПГ	=	по обвинению Арлен 
ПРИДАТ_ОПР	=	бронированной машины Коммерческого банка , которая приписывается ее отцу . 
ПРИЛ_СУЩ	=	Коммерческого банка 
ПРИЛ_СУЩ	=	бронированной машины 
ПРИЛ_СУЩ	=	ее отцу 
SentNo=156
ГЕНИТ_ИГ	=	серой ткани неба 
ГЛ_ЛИЧН	=	, будто тронулся лед на реке 
ГЛ_ЛИЧН	=	, и голубые отмели возникли тут и там , будто тронулся лед на реке 
ГЛ_ЛИЧН	=	На серой ткани неба разошлись какие-то невидимые швы , и голубые отмели возникли тут и там , будто тронулся лед на реке 
ГЛ_ЛИЧН	=	и блеснула вода под солнцем среди шершавых льдин . 
ОДНОР_НАР	=	тут и там 
ПГ	=	На серой ткани неба 
ПГ	=	на реке 
ПГ	=	под солнцем 
ПГ	=	среди шершавых льдин 
ПРИЛ_СУЩ	=	голубые отмели 
ПРИЛ_СУЩ	=	какие-то невидимые швы 
ПРИЛ_СУЩ	=	серой ткани 
ПРИЛ_СУЩ	=	шершавых льдин 
SentNo=157
AnalytForm	=	будет считаться
ГЕНИТ_ИГ	=	Пресс-секретарь министерства внутренних дел 
ГЕНИТ_ИГ	=	Пресс-секретарь министерства внутренних дел Англии 
ГЕНИТ_ИГ	=	министерства внутренних дел 
ГЕНИТ_ИГ	=	переписи населения 
ГЛ_ЛИЧН	=	, кто пожелает в переписи населения записаться джедаем 
ГЛ_ЛИЧН	=	, что каждый , кто пожелает в переписи населения записаться джедаем , будет считаться исповедующим другие религии . 
ГЛ_ЛИЧН	=	Пресс-секретарь министерства внутренних дел Англии заявил 
ПГ	=	в переписи населения 
ПРИЛ_СУЩ	=	внутренних дел 
ПРИЛ_СУЩ	=	другие религии 
ПРЯМ_ДОП	=	исповедующим другие религии 
SentNo=158
EMPTY	=	, и хорошо , что люди выходят ночью из дома и разговаривают . 
EMPTY	=	Хорошо 
ГЛ_ЛИЧН	=	, а женщины смеются над ними , отворив окна в сад 
ГЛ_ЛИЧН	=	, думал я , что карлики с большими головами хотят жениться и пьют вино , а женщины смеются над ними , отворив окна в сад 
ГЛ_ЛИЧН	=	, что карлики с большими головами хотят жениться и пьют вино , а женщины смеются над ними , отворив окна в сад 
ГЛ_ЛИЧН	=	, что люди выходят ночью из дома и разговаривают . 
ГЛ_ЛИЧН	=	и пьют вино , а женщины смеются над ними , отворив окна в сад 
ГЛ_ЛИЧН	=	и разговаривают . 
ДПР	=	, отворив окна в сад 
ПГ	=	в сад 
ПГ	=	из дома 
ПГ	=	над ними 
ПГ	=	с большими головами 
ПЕР_ГЛАГ_ИНФ	=	хотят жениться 
ПРЕДК	=	, и хорошо , что люди выходят ночью из дома и разговаривают . 
ПРЕДК	=	Хорошо 
ПРИЛ_СУЩ	=	большими головами 
ПРЯМ_ДОП	=	отворив окна 
ПРЯМ_ДОП	=	пьют вино 
SentNo=159
ГЕНИТ_ИГ	=	Банк России 
ГЕНИТ_ИГ	=	восстановление доверия 
ГЛ_ЛИЧН	=	Одной из главных задач 1999 года Банк России считает восстановление доверия населения и хозяйствующих субъектов к российскому рублю , в значительной степени подорванного его резкой девальвацией . 
ИНСТР_ДОП	=	подорванного его резкой девальвацией 
ОБОРОТ	=	в значительной степени 
ОДНОР_ИГ	=	населения и хозяйствующих субъектов 
ПГ	=	в значительной степени 
ПГ	=	из главных задач 
ПГ	=	к российскому рублю 
ПРИЛ_СУЩ	=	главных задач 
ПРИЛ_СУЩ	=	его резкой девальвацией 
ПРИЛ_СУЩ	=	значительной степени 
ПРИЛ_СУЩ	=	российскому рублю 
ПРИЛ_СУЩ	=	хозяйствующих субъектов 
ПРЧ	=	, в значительной степени подорванного его резкой девальвацией . 
ПРЯМ_ДОП	=	считает восстановление доверия 
ЭЛЕКТ_ИГ	=	Одной из главных задач 
SentNo=160
EMPTY	=	, ладонью по губам 
ГЛ_ЛИЧН	=	, -- и потом он сказал фразу 
ГЛ_ЛИЧН	=	, и он убежал . 
ГЛ_ЛИЧН	=	, после чего я его ударил 
ГЛ_ЛИЧН	=	-- с каждой минутой я все более ощущал свое бессилие 
ГЛ_ЛИЧН	=	Вот так мы пререкались 
ГЛ_ЛИЧН	=	производишь муру , после чего я его ударил 
КР_ПРИЛ	=	скандально , базарно 
НАРЕЧ_ГЛАГОЛ	=	более ощущал 
ПГ	=	по губам 
ПГ	=	после чего 
ПГ	=	с каждой минутой 
ПРИЛ_СУЩ	=	каждой минутой 
ПРИЛ_СУЩ	=	свое бессилие 
ПРЯМ_ДОП	=	более ощущал свое бессилие 
ПРЯМ_ДОП	=	ощущал свое бессилие 
ПРЯМ_ДОП	=	производишь муру 
ПРЯМ_ДОП	=	сказал фразу 
ПРЯМ_ДОП_РЕВ	=	его ударил 
SentNo=161
AnalytForm	=	быть красив
AnalytForm	=	быть красива
EMPTY	=	// множеств . число первые пол-стакана 
ГЕНИТ_ИГ	=	правило постморфологии 
ГЕНИТ_ИГ	=	правило постморфологии CifrDef 
ГЛ_ЛИЧН	=	, и он убежал . 
ГЛ_ЛИЧН	=	// уже ушел 
ГЛ_ЛИЧН	=	Пол-Москвы знают об этом 
ГЛ_ЛИЧН	=	ударил , ладонью по губам , и он убежал . 
ГЛ_ЛИЧН	=	ударил я его 
КР_ПРИЛ	=	// правило постморфологии CifrDef машина должна быть красива автомобиль 
КР_ПРИЛ	=	// удален омоними сравн . прилагательного большое пальто первое пальто мое пальто большие пальто до 1960-го года 
КР_ПРИЛ	=	должен быть красив я его 
КР_ПРЧ	=	// удален омоними сравн . прилагательного большое пальто первое пальто мое пальто большие пальто до 1960-го года 
НАРЕЧ_ГЛАГОЛ	=	уже ушел 
ПГ	=	до 1960-го года 
ПГ	=	об этом 
ПГ	=	по губам 
ПРИЛ_СУЩ	=	1960-го года 
ПРИЛ_СУЩ	=	большие пальто 
ПРИЛ_СУЩ	=	большое пальто 
ПРИЛ_СУЩ	=	мое пальто 
ПРИЛ_СУЩ	=	омоними сравн 
ПРИЛ_СУЩ	=	первое пальто 
ПРИЛ_СУЩ	=	первые пол-стакана 


