============
TITLE        = в_ближайшее_время
SENSE       = 1
AUTHOR       = user
REDACT       = alex
TIME_CREATE       = 10/4/6 13:36:53
//MachineName =  
//Date = Monday, April 10, 2006 
//Time = 13 : 36
//UserName = sokirko 
============
TITLE        = в_ближайшее_время
SENSE       = 1
AUTHOR       = user
REDACT       = alex
TIME_CREATE       = 10/4/6 13:37:12
//MachineName =  
//Date = Monday, April 10, 2006 
//Time = 13 : 37
//UserName = sokirko 
ROOT    =  3
CONTENT =  _ ближайший время
EXM     =  в ближайшее время
SYNREP  =  ПРИЛ_СУЩ ( 3 , 2 )
           ПГ ( 1 , 3 )
GF(2)   = 1  ед
GF(3)   = 1  С ед
PREP1(3)= 1  в+В
ENG     = 1  soon 1
============
TITLE        = в_ближайшее_время
SENSE       = 1
AUTHOR       = user
REDACT       = alex
TIME_CREATE       = 10/4/6 13:37:12
//MachineName =  
//Date = Monday, April 10, 2006 
//Time = 13 : 37
//UserName = sokirko 
ROOT    =  3
CONTENT =  _ ближайший время
EXM     =  в ближайшее время
SYNREP  =  ПРИЛ_СУЩ ( 3 , 2 )
           ПГ ( 1 , 3 )
GF(2)   = 1  ед
GF(3)   = 1  С ед
PREP1(3)= 1  в+В
ENG     = 1  soon 1
============
TITLE        = в_ближайшее_время
SENSE       = 1
AUTHOR       = user
REDACT       = alex
TIME_CREATE       = 10/4/6 13:38:10
//MachineName =  
//Date = Monday, April 10, 2006 
//Time = 13 : 38
//UserName = sokirko 
ROOT    =  3
CONTENT =  _ близкий время
EXM     =  в ближайшее время
SYNREP  =  ПРИЛ_СУЩ ( 3 , 2 )
           ПГ ( 1 , 3 )
GF(2)   = 1  ед
GF(3)   = 1  С ед
PREP1(3)= 1  в+В
ENG     = 1  soon 1
============
TITLE        = в_ближайшее_время
SENSE       = 1
AUTHOR       = user
REDACT       = alex
TIME_CREATE       = 10/4/6 13:38:16
//MachineName =  
//Date = Monday, April 10, 2006 
//Time = 13 : 38
//UserName = sokirko 
ROOT    =  3
CONTENT =  _ близкий время
EXM     =  в ближайшее время
SYNREP  =  ПРИЛ_СУЩ ( 3 , 2 )
           ПГ ( 1 , 3 )
GF(2)   = 1  ед,прев
GF(3)   = 1  С ед
PREP1(3)= 1  в+В
ENG     = 1  soon 1
============
TITLE        = в_ближайшие_годы
SENSE       = 1
REDACT       = alex
TIME_CREATE       = 10/4/6 13:39:1
//MachineName =  
//Date = Monday, April 10, 2006 
//Time = 13 : 39
//UserName = sokirko 
ROOT    =  3
CONTENT =  _ близкий год
EXM     =  в ближайшие годы
SYNREP  =  ПРИЛ_СУЩ ( 3 , 2 )
           ПГ ( 1 , 3 )
GF(3)   = 1  мн , вн
GF(2)   = 1  прев
PREP1(3)= 1  в+В
PR(3)   = 1  in
ENG     = 1  PR[3] coming years
============
TITLE        = в_ближайшие_годы
SENSE       = 1
REDACT       = alex
TIME_CREATE       = 10/4/6 13:39:9
//MachineName =  
//Date = Monday, April 10, 2006 
//Time = 13 : 39
//UserName = sokirko 
ROOT    =  3
CONTENT =  _ близкий год
EXM     =  в ближайшие годы
SYNREP  =  ПРИЛ_СУЩ ( 3 , 2 )
           ПГ ( 1 , 3 )
GF(3)   = 1  мн , вн
GF(2)   = 1  прев
PREP1(3)= 1  в+В
PR(3)   = 1  in
ENG     = 1  PR[3] coming years
============
TITLE        = ближайшие_три_года
SENSE       = 1
REDACT       = alex
TIME_CREATE       = 10/4/6 13:39:58
//MachineName =  
//Date = Monday, April 10, 2006 
//Time = 13 : 39
//UserName = sokirko 
RESTR   =  свобод
ROOT    =  4
CONTENT =  _ близкий _ _
EXM     =  в течение ближайших трех лет
SYNREP  =  ЧИСЛ_СУЩ ( 4 , 3 )
           ПРИЛ_СУЩ ( 4 , 2 )
           ПГ ( 1 , 4 )
GF(2)   = 1  мн,прев
GF(3)   = 1  ЦК
SF(4)   = 1  TIME
             PERIO
PREP1(4)= 1  в_течение+Р
          2  в_конце+Р
          3  за+В
          4  к_концу+Р
          5  на+В
          6  через+В
PR(4)   = 1  in the
          2  at the end of the
          3  by the end of the
          4  for the
ENG     = 1  PR[4] next SR[3] SR[4](pl)
